#
# A fatal error has been detected by the Java Runtime Environment:
#
#  SIGILL (0x4) at pc=0xb6be2780, pid=2331, tid=0xa42fab70
#
# JRE version: Java(TM) SE Runtime Environment (8.0_171-b11) (build 1.8.0_171-b11)
# Java VM: Java HotSpot(TM) Client VM (25.171-b11 mixed mode linux-x86 )
# Problematic frame:
# V  [libjvm.so+0xf3780]  LIR_Assembler::LIR_Assembler(Compilation*)+0x0
#
# Failed to write core dump. Core dumps have been disabled. To enable core dumping, try "ulimit -c unlimited" before starting Java again
#
# If you would like to submit a bug report, please visit:
#   http://bugreport.java.com/bugreport/crash.jsp
#

---------------  T H R E A D  ---------------

Current thread (0x099c8c00):  JavaThread "C1 CompilerThread0" daemon [_thread_in_native, id=2337, stack(0xa427b000,0xa42fb000)]

siginfo: si_signo: 4 (SIGILL), si_code: 2 (ILL_ILLOPN), si_addr: 0xb6be2780

Registers:
EAX=0xa42f97d0, EBX=0xb715b158, ECX=0x099c90c0, EDX=0x099e2ab8
ESP=0xa42f97ac, EBP=0xa42f9818, ESI=0x099e2aa8, EDI=0xa42f9998
EIP=0xb6be2780, EFLAGS=0x00010286, CR2=0x00000000

Top of Stack: (sp=0xa42f97ac)
0xa42f97ac:   b6bb61d9 a42f97d0 a42f9998 099c90c0
0xa42f97bc:   099c90c0 00000000 a42f97d0 a42f9a1c
0xa42f97cc:   b715b158 0000000a a42f9854 a42f9818
0xa42f97dc:   b6bb73b3 a42f9854 b710f47e b7172788
0xa42f97ec:   00000000 00000000 099d1460 a42f9818
0xa42f97fc:   b6bb74d0 a42f9854 00000000 00000007
0xa42f980c:   b715b158 a42f9998 099d1460 a42f9888
0xa42f981c:   b6bb6769 a42f9998 0000000a 00000000 

Instructions: (pc=0xb6be2780)
0xb6be2760:   ff ff ff 00 ff ff ff 00 ff ff ff 00 ff ff ff 00
0xb6be2770:   ff ff ff 00 ff ff ff 00 ff ff ff 00 ff ff ff 00
0xb6be2780:   ff ff ff 00 ff ff ff 00 ff ff ff 00 ff ff ff 00
0xb6be2790:   ff ff ff 00 ff ff ff 00 ff ff ff 00 ff ff ff 00 

Register to memory mapping:

EAX=0xa42f97d0 is pointing into the stack for thread: 0x099c8c00
EBX=0xb715b158: <offset 0x66c158> in /opt/jdk1.8.0_171/jre/lib/i386/client/libjvm.so at 0xb6aef000
ECX=0x099c90c0 is an unknown value
EDX=0x099e2ab8 is an unknown value
ESP=0xa42f97ac is pointing into the stack for thread: 0x099c8c00
EBP=0xa42f9818 is pointing into the stack for thread: 0x099c8c00
ESI=0x099e2aa8 is an unknown value
EDI=0xa42f9998 is pointing into the stack for thread: 0x099c8c00


Stack: [0xa427b000,0xa42fb000],  sp=0xa42f97ac,  free space=505k
Native frames: (J=compiled Java code, j=interpreted, Vv=VM code, C=native code)
V  [libjvm.so+0xf3780]  LIR_Assembler::LIR_Assembler(Compilation*)+0x0
V  [libjvm.so+0xc7769]  Compilation::compile_java_method()+0xf9
V  [libjvm.so+0xc7814]  Compilation::compile_method()+0x54
V  [libjvm.so+0xc7af7]  Compilation::Compilation(AbstractCompiler*, ciEnv*, ciMethod*, int, BufferBlob*)+0x207
V  [libjvm.so+0xc88db]  Compiler::compile_method(ciEnv*, ciMethod*, int)+0x7b
V  [libjvm.so+0x1cd4f1]  CompileBroker::invoke_compiler_on_method(CompileTask*)+0xdb1
V  [libjvm.so+0x1ce317]  CompileBroker::compiler_thread_loop()+0x567
V  [libjvm.so+0x5794c8]  compiler_thread_entry(JavaThread*, Thread*)+0x18
V  [libjvm.so+0x583e7f]  JavaThread::thread_main_inner()+0xff
V  [libjvm.so+0x583ffb]  JavaThread::run()+0x14b
V  [libjvm.so+0x4a5919]  java_start(Thread*)+0x119
C  [libpthread.so.0+0x6a0d]
C  [libc.so.6+0xd5fde]  clone+0x5e


Current CompileTask:
C1:    119    1             java.lang.String::hashCode (55 bytes)


---------------  P R O C E S S  ---------------

Java Threads: ( => current thread )
  0x099cc800 JavaThread "Service Thread" daemon [_thread_blocked, id=2338, stack(0xa422b000,0xa427b000)]
=>0x099c8c00 JavaThread "C1 CompilerThread0" daemon [_thread_in_native, id=2337, stack(0xa427b000,0xa42fb000)]
  0x099c7400 JavaThread "Signal Dispatcher" daemon [_thread_blocked, id=2336, stack(0xa42fb000,0xa434b000)]
  0x0998c800 JavaThread "Finalizer" daemon [_thread_blocked, id=2335, stack(0xa44ba000,0xa450a000)]
  0x09989c00 JavaThread "Reference Handler" daemon [_thread_blocked, id=2334, stack(0xa450a000,0xa455a000)]
  0x0992ec00 JavaThread "main" [_thread_in_Java, id=2332, stack(0xb6a72000,0xb6ac2000)]

Other Threads:
  0x09985400 VMThread [stack: 0xa455a000,0xa45da000] [id=2333]

VM state:not at safepoint (normal execution)

VM Mutex/Monitor currently owned by a thread: None

Heap:
 def new generation   total 4928K, used 361K [0xa4c00000, 0xa5150000, 0xaa000000)
  eden space 4416K,   8% used [0xa4c00000, 0xa4c5a708, 0xa5050000)
  from space 512K,   0% used [0xa5050000, 0xa5050000, 0xa50d0000)
  to   space 512K,   0% used [0xa50d0000, 0xa50d0000, 0xa5150000)
 tenured generation   total 10944K, used 0K [0xaa000000, 0xaaab0000, 0xb4800000)
   the space 10944K,   0% used [0xaa000000, 0xaa000000, 0xaa000200, 0xaaab0000)
 Metaspace       used 1438K, capacity 2200K, committed 2200K, reserved 4400K

Card table byte_map: [0xb4905000,0xb4984000] byte_map_base: 0xb43df000

Polling page: 0xb774f000

CodeCache: size=32768Kb used=652Kb max_used=652Kb free=32115Kb
 bounds [0xb4a04000, 0xb4aac000, 0xb6a04000]
 total_blobs=134 nmethods=0 adapters=66
 compilation: enabled

Compilation events (1 events):
Event: 0.108 Thread 0x099c8c00    1             java.lang.String::hashCode (55 bytes)

GC Heap History (0 events):
No events

Deoptimization events (0 events):
No events

Classes redefined (0 events):
No events

Internal exceptions (2 events):
Event: 0.036 Thread 0x0992ec00 Exception <a 'java/lang/NoSuchMethodError': Method sun.misc.Unsafe.defineClass(Ljava/lang/String;[BII)Ljava/lang/Class; name or signature does not match> (0xa4c06ea0) thrown at [/HUDSON/workspace/8-2-build-linux-i586/jdk8u171/10807/hotspot/src/share/vm/pr
Event: 0.036 Thread 0x0992ec00 Exception <a 'java/lang/NoSuchMethodError': Method sun.misc.Unsafe.prefetchRead(Ljava/lang/Object;J)V name or signature does not match> (0xa4c07170) thrown at [/HUDSON/workspace/8-2-build-linux-i586/jdk8u171/10807/hotspot/src/share/vm/prims/jni.cpp, line 

Events (10 events):
Event: 0.104 loading class java/lang/ClassValue$Identity
Event: 0.104 loading class java/lang/ClassValue$Identity done
Event: 0.104 loading class java/lang/ClassValue$Version
Event: 0.104 loading class java/lang/ClassValue$Version done
Event: 0.104 loading class java/lang/invoke/MemberName$Factory
Event: 0.104 loading class java/lang/invoke/MemberName$Factory done
Event: 0.104 loading class java/lang/invoke/MethodHandleStatics
Event: 0.104 loading class java/lang/invoke/MethodHandleStatics done
Event: 0.104 loading class java/lang/invoke/MethodHandleStatics$1
Event: 0.104 loading class java/lang/invoke/MethodHandleStatics$1 done


Dynamic libraries:
08048000-08049000 r-xp 00000000 08:01 135700     /opt/jdk1.8.0_171/bin/java
08049000-0804a000 rw-p 00000000 08:01 135700     /opt/jdk1.8.0_171/bin/java
09927000-09a02000 rw-p 00000000 00:00 0          [heap]
a40b4000-a422b000 rw-p 00000000 00:00 0 
a422b000-a422e000 ---p 00000000 00:00 0 
a422e000-a427b000 rw-p 00000000 00:00 0          [stack:2338]
a427b000-a427e000 ---p 00000000 00:00 0 
a427e000-a42fb000 rw-p 00000000 00:00 0          [stack:2337]
a42fb000-a42fe000 ---p 00000000 00:00 0 
a42fe000-a434b000 rw-p 00000000 00:00 0          [stack:2336]
a434b000-a438a000 r--p 00000000 08:01 136119     /usr/lib/locale/en_US.UTF-8/LC_CTYPE
a438a000-a44ba000 r--p 00000000 08:01 136125     /usr/lib/locale/en_US.UTF-8/LC_COLLATE
a44ba000-a44bd000 ---p 00000000 00:00 0 
a44bd000-a450a000 rw-p 00000000 00:00 0          [stack:2335]
a450a000-a450d000 ---p 00000000 00:00 0 
a450d000-a455a000 rw-p 00000000 00:00 0          [stack:2334]
a455a000-a455b000 ---p 00000000 00:00 0 
a455b000-a45da000 rw-p 00000000 00:00 0          [stack:2333]
a45da000-a47b4000 r--s 03d68000 08:01 136051     /opt/jdk1.8.0_171/jre/lib/rt.jar
a47b4000-a49da000 rw-p 00000000 00:00 0 
a49da000-a4c00000 ---p 00000000 00:00 0 
a4c00000-a5150000 rw-p 00000000 00:00 0 
a5150000-aa000000 ---p 00000000 00:00 0 
aa000000-aaab0000 rw-p 00000000 00:00 0 
aaab0000-b4800000 ---p 00000000 00:00 0 
b4806000-b48b6000 rw-p 00000000 00:00 0 
b48b6000-b4905000 ---p 00000000 00:00 0 
b4905000-b4908000 rw-p 00000000 00:00 0 
b4908000-b492f000 ---p 00000000 00:00 0 
b492f000-b4935000 rw-p 00000000 00:00 0 
b4935000-b4983000 ---p 00000000 00:00 0 
b4983000-b4987000 rw-p 00000000 00:00 0 
b4987000-b4a04000 ---p 00000000 00:00 0 
b4a04000-b4aac000 rwxp 00000000 00:00 0 
b4aac000-b6a04000 ---p 00000000 00:00 0 
b6a04000-b6a1e000 r-xp 00000000 08:01 136004     /opt/jdk1.8.0_171/jre/lib/i386/libzip.so
b6a1e000-b6a1f000 rw-p 00019000 08:01 136004     /opt/jdk1.8.0_171/jre/lib/i386/libzip.so
b6a1f000-b6a2b000 r-xp 00000000 08:01 516        /lib/libnss_files-2.14.1.so
b6a2b000-b6a2c000 r--p 0000b000 08:01 516        /lib/libnss_files-2.14.1.so
b6a2c000-b6a2d000 rw-p 0000c000 08:01 516        /lib/libnss_files-2.14.1.so
b6a2d000-b6a2f000 rw-p 00000000 00:00 0 
b6a2f000-b6a30000 r--p 00000000 08:01 136137     /usr/lib/locale/en_US.UTF-8/LC_NUMERIC
b6a30000-b6a31000 r--p 00000000 08:01 136138     /usr/lib/locale/en_US.UTF-8/LC_TIME
b6a31000-b6a32000 r--p 00000000 08:01 136139     /usr/lib/locale/en_US.UTF-8/LC_MONETARY
b6a32000-b6a33000 r--p 00000000 08:01 136141     /usr/lib/locale/en_US.UTF-8/LC_MESSAGES/SYS_LC_MESSAGES
b6a33000-b6a34000 r--p 00000000 08:01 136142     /usr/lib/locale/en_US.UTF-8/LC_PAPER
b6a34000-b6a35000 r--p 00000000 08:01 136143     /usr/lib/locale/en_US.UTF-8/LC_NAME
b6a35000-b6a36000 r--p 00000000 08:01 136144     /usr/lib/locale/en_US.UTF-8/LC_ADDRESS
b6a36000-b6a37000 r--p 00000000 08:01 136145     /usr/lib/locale/en_US.UTF-8/LC_TELEPHONE
b6a37000-b6a38000 r--p 00000000 08:01 136146     /usr/lib/locale/en_US.UTF-8/LC_MEASUREMENT
b6a38000-b6a5c000 r-xp 00000000 08:01 135998     /opt/jdk1.8.0_171/jre/lib/i386/libjava.so
b6a5c000-b6a5d000 rw-p 00024000 08:01 135998     /opt/jdk1.8.0_171/jre/lib/i386/libjava.so
b6a5d000-b6a68000 r-xp 00000000 08:01 135946     /opt/jdk1.8.0_171/jre/lib/i386/libverify.so
b6a68000-b6a69000 rw-p 0000b000 08:01 135946     /opt/jdk1.8.0_171/jre/lib/i386/libverify.so
b6a69000-b6a70000 r-xp 00000000 08:01 531        /lib/librt-2.14.1.so
b6a70000-b6a71000 r--p 00006000 08:01 531        /lib/librt-2.14.1.so
b6a71000-b6a72000 rw-p 00007000 08:01 531        /lib/librt-2.14.1.so
b6a72000-b6a75000 ---p 00000000 00:00 0 
b6a75000-b6ac2000 rw-p 00000000 00:00 0          [stack:2332]
b6ac2000-b6aed000 r-xp 00000000 08:01 22         /lib/libm-2.14.1.so
b6aed000-b6aee000 r--p 0002a000 08:01 22         /lib/libm-2.14.1.so
b6aee000-b6aef000 rw-p 0002b000 08:01 22         /lib/libm-2.14.1.so
b6aef000-b714b000 r-xp 00000000 08:01 135970     /opt/jdk1.8.0_171/jre/lib/i386/client/libjvm.so
b714b000-b7171000 rw-p 0065b000 08:01 135970     /opt/jdk1.8.0_171/jre/lib/i386/client/libjvm.so
b7171000-b7599000 rw-p 00000000 00:00 0 
b7599000-b7709000 r-xp 00000000 08:01 18         /lib/libc-2.14.1.so
b7709000-b770b000 r--p 00170000 08:01 18         /lib/libc-2.14.1.so
b770b000-b770c000 rw-p 00172000 08:01 18         /lib/libc-2.14.1.so
b770c000-b770f000 rw-p 00000000 00:00 0 
b770f000-b7712000 r-xp 00000000 08:01 576        /lib/libdl-2.14.1.so
b7712000-b7713000 r--p 00002000 08:01 576        /lib/libdl-2.14.1.so
b7713000-b7714000 rw-p 00003000 08:01 576        /lib/libdl-2.14.1.so
b7714000-b7729000 r-xp 00000000 08:01 132752     /opt/jdk1.8.0_171/lib/i386/jli/libjli.so
b7729000-b772a000 rw-p 00014000 08:01 132752     /opt/jdk1.8.0_171/lib/i386/jli/libjli.so
b772a000-b7741000 r-xp 00000000 08:01 517        /lib/libpthread-2.14.1.so
b7741000-b7742000 r--p 00016000 08:01 517        /lib/libpthread-2.14.1.so
b7742000-b7743000 rw-p 00017000 08:01 517        /lib/libpthread-2.14.1.so
b7743000-b7745000 rw-p 00000000 00:00 0 
b7745000-b7746000 r--p 00000000 08:01 136147     /usr/lib/locale/en_US.UTF-8/LC_IDENTIFICATION
b7746000-b774e000 rw-s 00000000 08:01 138112     /tmp/hsperfdata_tux/2331
b774e000-b774f000 rw-p 00000000 00:00 0 
b774f000-b7750000 r--p 00000000 00:00 0 
b7750000-b7751000 rw-p 00000000 00:00 0 
b7751000-b7771000 r-xp 00000000 08:01 554        /lib/ld-2.14.1.so
b7771000-b7772000 r--p 0001f000 08:01 554        /lib/ld-2.14.1.so
b7772000-b7773000 rw-p 00020000 08:01 554        /lib/ld-2.14.1.so
bfbaf000-bfbd0000 rw-p 00000000 00:00 0          [stack]

VM Arguments:
java_command: C06Ejercicio18
java_class_path (initial): .
Launcher Type: SUN_STANDARD

Environment Variables:
JAVA_HOME=/opt/jdk1.8.0_171
PATH=/home/tux/.local/bin:/usr/sbin:/usr/bin:/sbin:/bin:/usr/games:/usr/local/sbin:/usr/local/bin:/opt/jdk1.8.0_171/bin
SHELL=/bin/sh
DISPLAY=:0.0

Signal Handlers:
SIGSEGV: [libjvm.so+0x5c12b0], sa_mask[0]=11111111011111111101111111111110, sa_flags=SA_RESTART|SA_SIGINFO
SIGBUS: [libjvm.so+0x5c12b0], sa_mask[0]=11111111011111111101111111111110, sa_flags=SA_RESTART|SA_SIGINFO
SIGFPE: [libjvm.so+0x49fa20], sa_mask[0]=11111111011111111101111111111110, sa_flags=SA_RESTART|SA_SIGINFO
SIGPIPE: [libjvm.so+0x49fa20], sa_mask[0]=11111111011111111101111111111110, sa_flags=SA_RESTART|SA_SIGINFO
SIGXFSZ: [libjvm.so+0x49fa20], sa_mask[0]=11111111011111111101111111111110, sa_flags=SA_RESTART|SA_SIGINFO
SIGILL: [libjvm.so+0x49fa20], sa_mask[0]=11111111011111111101111111111110, sa_flags=SA_RESTART|SA_SIGINFO
SIGUSR1: SIG_DFL, sa_mask[0]=00000000000000000000000000000000, sa_flags=none
SIGUSR2: [libjvm.so+0x4a1300], sa_mask[0]=00000000000000000000000000000000, sa_flags=SA_RESTART|SA_SIGINFO
SIGHUP: [libjvm.so+0x4a27b0], sa_mask[0]=11111111011111111101111111111110, sa_flags=SA_RESTART|SA_SIGINFO
SIGINT: [libjvm.so+0x4a27b0], sa_mask[0]=11111111011111111101111111111110, sa_flags=SA_RESTART|SA_SIGINFO
SIGTERM: [libjvm.so+0x4a27b0], sa_mask[0]=11111111011111111101111111111110, sa_flags=SA_RESTART|SA_SIGINFO
SIGQUIT: [libjvm.so+0x4a27b0], sa_mask[0]=11111111011111111101111111111110, sa_flags=SA_RESTART|SA_SIGINFO


---------------  S Y S T E M  ---------------

OS:Linux
uname:Linux 3.16.55-slitaz #4 SMP Tue Mar 27 13:38:39 CEST 2018 i686
libc:glibc 2.14.1 NPTL 2.14.1 
rlimit: STACK 8192k, CORE 0k, NPROC 8052, NOFILE 4096, AS infinity
load average:0.32 0.23 0.16

/proc/meminfo:
MemTotal:        1031272 kB
MemFree:          588744 kB
MemAvailable:     870812 kB
Buffers:           16048 kB
Cached:           274944 kB
SwapCached:            0 kB
Active:           270716 kB
Inactive:         152996 kB
Active(anon):     132972 kB
Inactive(anon):     2060 kB
Active(file):     137744 kB
Inactive(file):   150936 kB
Unevictable:           0 kB
Mlocked:               0 kB
HighTotal:        139208 kB
HighFree:          77608 kB
LowTotal:         892064 kB
LowFree:          511136 kB
SwapTotal:        524284 kB
SwapFree:         524284 kB
Dirty:               152 kB
Writeback:             0 kB
AnonPages:        132792 kB
Mapped:            40312 kB
Shmem:              2264 kB
Slab:              12348 kB
SReclaimable:       7240 kB
SUnreclaim:         5108 kB
KernelStack:        1144 kB
PageTables:         1396 kB
NFS_Unstable:          0 kB
Bounce:                0 kB
WritebackTmp:          0 kB
CommitLimit:     1039920 kB
Committed_AS:     615728 kB
VmallocTotal:     122880 kB
VmallocUsed:        5436 kB
VmallocChunk:     115760 kB
DirectMap4k:       12280 kB
DirectMap4M:      897024 kB


CPU:total 1 (initial active 1) (1 cores per cpu, 1 threads per core) family 6 model 126 stepping 5, cmov, cx8, fxsr, mmx, sse, sse2, sse3, ssse3, sse4.1, sse4.2, tsc, tscinvbit

/proc/cpuinfo:
processor	: 0
vendor_id	: GenuineIntel
cpu family	: 6
model		: 126
model name	: Intel(R) Core(TM) i5-1035G1 CPU @ 1.00GHz
stepping	: 5
microcode	: 0xffffffff
cpu MHz		: 1190.402
cache size	: 6144 KB
physical id	: 0
siblings	: 1
core id		: 0
cpu cores	: 1
apicid		: 0
initial apicid	: 0
fdiv_bug	: no
f00f_bug	: no
coma_bug	: no
fpu		: yes
fpu_exception	: yes
cpuid level	: 22
wp		: yes
flags		: fpu vme de pse tsc msr pae mce cx8 apic sep mtrr pge mca cmov pat pse36 clflush mmx fxsr sse sse2 ht nx rdtscp constant_tsc xtopology nonstop_tsc pni ssse3 sse4_1 sse4_2 hypervisor lahf_lm fsgsbase invpcid
bogomips	: 2380.80
clflush size	: 64
cache_alignment	: 64
address sizes	: 39 bits physical, 48 bits virtual
power management:



Memory: 4k page, physical 1031272k(588744k free), swap 524284k(524284k free)

vm_info: Java HotSpot(TM) Client VM (25.171-b11) for linux-x86 JRE (1.8.0_171-b11), built on Mar 28 2018 12:05:04 by "java_re" with gcc 4.3.0 20080428 (Red Hat 4.3.0-8)

time: Mon Nov 23 08:44:54 2020
elapsed time: 0 seconds (0d 0h 0m 0s)

