#
# A fatal error has been detected by the Java Runtime Environment:
#
#  SIGILL (0x4) at pc=0xb6bfa780, pid=2308, tid=0xa41afb70
#
# JRE version: Java(TM) SE Runtime Environment (8.0_171-b11) (build 1.8.0_171-b11)
# Java VM: Java HotSpot(TM) Client VM (25.171-b11 mixed mode linux-x86 )
# Problematic frame:
# V  [libjvm.so+0xf3780]  LIR_Assembler::LIR_Assembler(Compilation*)+0x0
#
# Failed to write core dump. Core dumps have been disabled. To enable core dumping, try "ulimit -c unlimited" before starting Java again
#
# If you would like to submit a bug report, please visit:
#   http://bugreport.java.com/bugreport/crash.jsp
#

---------------  T H R E A D  ---------------

Current thread (0x090ebc00):  JavaThread "C1 CompilerThread0" daemon [_thread_in_native, id=2314, stack(0xa4130000,0xa41b0000)]

siginfo: si_signo: 4 (SIGILL), si_code: 2 (ILL_ILLOPN), si_addr: 0xb6bfa780

Registers:
EAX=0xa41aeb50, EBX=0xb7173158, ECX=0x090ebf80, EDX=0x09105978
ESP=0xa41aeb2c, EBP=0xa41aeb98, ESI=0x09105968, EDI=0xa41aed18
EIP=0xb6bfa780, EFLAGS=0x00010282, CR2=0x00000000

Top of Stack: (sp=0xa41aeb2c)
0xa41aeb2c:   b6bce1d9 a41aeb50 a41aed18 090ebf80
0xa41aeb3c:   090ebf80 00000000 a41aeb50 a41aed9c
0xa41aeb4c:   b7173158 0000000a a41aebd4 a41aeb98
0xa41aeb5c:   b6bcf3b3 a41aebd4 b712747e b718a788
0xa41aeb6c:   00000000 00000000 090f4320 a41aeb98
0xa41aeb7c:   b6bcf4d0 a41aebd4 00000000 00000007
0xa41aeb8c:   b7173158 a41aed18 090f4320 a41aec08
0xa41aeb9c:   b6bce769 a41aed18 0000000a 00000000 

Instructions: (pc=0xb6bfa780)
0xb6bfa760:   ff ff ff 00 ff ff ff 00 ff ff ff 00 ff ff ff 00
0xb6bfa770:   ff ff ff 00 ff ff ff 00 ff ff ff 00 ff ff ff 00
0xb6bfa780:   ff ff ff 00 ff ff ff 00 ff ff ff 00 ff ff ff 00
0xb6bfa790:   ff ff ff 00 ff ff ff 00 ff ff ff 00 ff ff ff 00 

Register to memory mapping:

EAX=0xa41aeb50 is pointing into the stack for thread: 0x090ebc00
EBX=0xb7173158: <offset 0x66c158> in /opt/jdk1.8.0_171/jre/lib/i386/client/libjvm.so at 0xb6b07000
ECX=0x090ebf80 is an unknown value
EDX=0x09105978 is an unknown value
ESP=0xa41aeb2c is pointing into the stack for thread: 0x090ebc00
EBP=0xa41aeb98 is pointing into the stack for thread: 0x090ebc00
ESI=0x09105968 is an unknown value
EDI=0xa41aed18 is pointing into the stack for thread: 0x090ebc00


Stack: [0xa4130000,0xa41b0000],  sp=0xa41aeb2c,  free space=506k
Native frames: (J=compiled Java code, j=interpreted, Vv=VM code, C=native code)
V  [libjvm.so+0xf3780]  LIR_Assembler::LIR_Assembler(Compilation*)+0x0
V  [libjvm.so+0xc7769]  Compilation::compile_java_method()+0xf9
V  [libjvm.so+0xc7814]  Compilation::compile_method()+0x54
V  [libjvm.so+0xc7af7]  Compilation::Compilation(AbstractCompiler*, ciEnv*, ciMethod*, int, BufferBlob*)+0x207
V  [libjvm.so+0xc88db]  Compiler::compile_method(ciEnv*, ciMethod*, int)+0x7b
V  [libjvm.so+0x1cd4f1]  CompileBroker::invoke_compiler_on_method(CompileTask*)+0xdb1
V  [libjvm.so+0x1ce317]  CompileBroker::compiler_thread_loop()+0x567
V  [libjvm.so+0x5794c8]  compiler_thread_entry(JavaThread*, Thread*)+0x18
V  [libjvm.so+0x583e7f]  JavaThread::thread_main_inner()+0xff
V  [libjvm.so+0x583ffb]  JavaThread::run()+0x14b
V  [libjvm.so+0x4a5919]  java_start(Thread*)+0x119
C  [libpthread.so.0+0x6a0d]
C  [libc.so.6+0xd5fde]  clone+0x5e


Current CompileTask:
C1:    147    1             java.lang.String::hashCode (55 bytes)


---------------  P R O C E S S  ---------------

Java Threads: ( => current thread )
  0x090ef000 JavaThread "Service Thread" daemon [_thread_blocked, id=2315, stack(0xa40e0000,0xa4130000)]
=>0x090ebc00 JavaThread "C1 CompilerThread0" daemon [_thread_in_native, id=2314, stack(0xa4130000,0xa41b0000)]
  0x090ea400 JavaThread "Signal Dispatcher" daemon [_thread_blocked, id=2313, stack(0xa41b0000,0xa4200000)]
  0x090af800 JavaThread "Finalizer" daemon [_thread_blocked, id=2312, stack(0xa44ba000,0xa450a000)]
  0x090acc00 JavaThread "Reference Handler" daemon [_thread_blocked, id=2311, stack(0xa450a000,0xa455a000)]
  0x09051c00 JavaThread "main" [_thread_in_vm, id=2309, stack(0xb6a8a000,0xb6ada000)]

Other Threads:
  0x090a8400 VMThread [stack: 0xa455a000,0xa45da000] [id=2310]

VM state:not at safepoint (normal execution)

VM Mutex/Monitor currently owned by a thread:  ([mutex/lock_event])
[0x09050e10] PeriodicTask_lock - owner thread: 0x09051c00

Heap:
 def new generation   total 4928K, used 361K [0xa4c00000, 0xa5150000, 0xaa000000)
  eden space 4416K,   8% used [0xa4c00000, 0xa4c5a708, 0xa5050000)
  from space 512K,   0% used [0xa5050000, 0xa5050000, 0xa50d0000)
  to   space 512K,   0% used [0xa50d0000, 0xa50d0000, 0xa5150000)
 tenured generation   total 10944K, used 0K [0xaa000000, 0xaaab0000, 0xb4800000)
   the space 10944K,   0% used [0xaa000000, 0xaa000000, 0xaa000200, 0xaaab0000)
 Metaspace       used 1439K, capacity 2200K, committed 2200K, reserved 4400K

Card table byte_map: [0xb491d000,0xb499c000] byte_map_base: 0xb43f7000

Polling page: 0xb7767000

CodeCache: size=32768Kb used=652Kb max_used=652Kb free=32115Kb
 bounds [0xb4a1c000, 0xb4ac4000, 0xb6a1c000]
 total_blobs=134 nmethods=0 adapters=66
 compilation: enabled

Compilation events (1 events):
Event: 0.130 Thread 0x090ebc00    1             java.lang.String::hashCode (55 bytes)

GC Heap History (0 events):
No events

Deoptimization events (0 events):
No events

Classes redefined (0 events):
No events

Internal exceptions (2 events):
Event: 0.038 Thread 0x09051c00 Exception <a 'java/lang/NoSuchMethodError': Method sun.misc.Unsafe.defineClass(Ljava/lang/String;[BII)Ljava/lang/Class; name or signature does not match> (0xa4c06ea0) thrown at [/HUDSON/workspace/8-2-build-linux-i586/jdk8u171/10807/hotspot/src/share/vm/pr
Event: 0.038 Thread 0x09051c00 Exception <a 'java/lang/NoSuchMethodError': Method sun.misc.Unsafe.prefetchRead(Ljava/lang/Object;J)V name or signature does not match> (0xa4c07170) thrown at [/HUDSON/workspace/8-2-build-linux-i586/jdk8u171/10807/hotspot/src/share/vm/prims/jni.cpp, line 

Events (10 events):
Event: 0.132 loading class java/util/concurrent/atomic/AtomicBoolean
Event: 0.132 loading class java/util/concurrent/atomic/AtomicBoolean done
Event: 0.133 loading class sun/usagetracker/UsageTrackerClient$1
Event: 0.133 loading class sun/usagetracker/UsageTrackerClient$1 done
Event: 0.133 loading class sun/usagetracker/UsageTrackerClient$4
Event: 0.133 loading class sun/usagetracker/UsageTrackerClient$4 done
Event: 0.133 loading class sun/usagetracker/UsageTrackerClient$3
Event: 0.133 loading class sun/usagetracker/UsageTrackerClient$3 done
Event: 0.133 loading class java/io/FileOutputStream$1
Event: 0.133 loading class java/io/FileOutputStream$1 done


Dynamic libraries:
08048000-08049000 r-xp 00000000 08:01 135700     /opt/jdk1.8.0_171/bin/java
08049000-0804a000 rw-p 00000000 08:01 135700     /opt/jdk1.8.0_171/bin/java
0904a000-09125000 rw-p 00000000 00:00 0          [heap]
a3ee9000-a3eea000 ---p 00000000 00:00 0 
a3eea000-a40e0000 rw-p 00000000 00:00 0          [stack:2316]
a40e0000-a40e3000 ---p 00000000 00:00 0 
a40e3000-a4130000 rw-p 00000000 00:00 0          [stack:2315]
a4130000-a4133000 ---p 00000000 00:00 0 
a4133000-a41b0000 rw-p 00000000 00:00 0          [stack:2314]
a41b0000-a41b3000 ---p 00000000 00:00 0 
a41b3000-a4200000 rw-p 00000000 00:00 0          [stack:2313]
a4200000-a4221000 rw-p 00000000 00:00 0 
a4221000-a4300000 ---p 00000000 00:00 0 
a434b000-a438a000 r--p 00000000 08:01 136119     /usr/lib/locale/en_US.UTF-8/LC_CTYPE
a438a000-a44ba000 r--p 00000000 08:01 136125     /usr/lib/locale/en_US.UTF-8/LC_COLLATE
a44ba000-a44bd000 ---p 00000000 00:00 0 
a44bd000-a450a000 rw-p 00000000 00:00 0          [stack:2312]
a450a000-a450d000 ---p 00000000 00:00 0 
a450d000-a455a000 rw-p 00000000 00:00 0          [stack:2311]
a455a000-a455b000 ---p 00000000 00:00 0 
a455b000-a45da000 rw-p 00000000 00:00 0          [stack:2310]
a45da000-a47b4000 r--s 03d68000 08:01 136051     /opt/jdk1.8.0_171/jre/lib/rt.jar
a47b4000-a49da000 rw-p 00000000 00:00 0 
a49da000-a4c00000 ---p 00000000 00:00 0 
a4c00000-a5150000 rw-p 00000000 00:00 0 
a5150000-aa000000 ---p 00000000 00:00 0 
aa000000-aaab0000 rw-p 00000000 00:00 0 
aaab0000-b4800000 ---p 00000000 00:00 0 
b481e000-b48ce000 rw-p 00000000 00:00 0 
b48ce000-b491d000 ---p 00000000 00:00 0 
b491d000-b4920000 rw-p 00000000 00:00 0 
b4920000-b4947000 ---p 00000000 00:00 0 
b4947000-b494d000 rw-p 00000000 00:00 0 
b494d000-b499b000 ---p 00000000 00:00 0 
b499b000-b499f000 rw-p 00000000 00:00 0 
b499f000-b4a1c000 ---p 00000000 00:00 0 
b4a1c000-b4ac4000 rwxp 00000000 00:00 0 
b4ac4000-b6a1c000 ---p 00000000 00:00 0 
b6a1c000-b6a36000 r-xp 00000000 08:01 136004     /opt/jdk1.8.0_171/jre/lib/i386/libzip.so
b6a36000-b6a37000 rw-p 00019000 08:01 136004     /opt/jdk1.8.0_171/jre/lib/i386/libzip.so
b6a37000-b6a43000 r-xp 00000000 08:01 516        /lib/libnss_files-2.14.1.so
b6a43000-b6a44000 r--p 0000b000 08:01 516        /lib/libnss_files-2.14.1.so
b6a44000-b6a45000 rw-p 0000c000 08:01 516        /lib/libnss_files-2.14.1.so
b6a45000-b6a47000 rw-p 00000000 00:00 0 
b6a47000-b6a48000 r--p 00000000 08:01 136137     /usr/lib/locale/en_US.UTF-8/LC_NUMERIC
b6a48000-b6a49000 r--p 00000000 08:01 136138     /usr/lib/locale/en_US.UTF-8/LC_TIME
b6a49000-b6a4a000 r--p 00000000 08:01 136139     /usr/lib/locale/en_US.UTF-8/LC_MONETARY
b6a4a000-b6a4b000 r--p 00000000 08:01 136141     /usr/lib/locale/en_US.UTF-8/LC_MESSAGES/SYS_LC_MESSAGES
b6a4b000-b6a4c000 r--p 00000000 08:01 136142     /usr/lib/locale/en_US.UTF-8/LC_PAPER
b6a4c000-b6a4d000 r--p 00000000 08:01 136143     /usr/lib/locale/en_US.UTF-8/LC_NAME
b6a4d000-b6a4e000 r--p 00000000 08:01 136144     /usr/lib/locale/en_US.UTF-8/LC_ADDRESS
b6a4e000-b6a4f000 r--p 00000000 08:01 136145     /usr/lib/locale/en_US.UTF-8/LC_TELEPHONE
b6a4f000-b6a50000 r--p 00000000 08:01 136146     /usr/lib/locale/en_US.UTF-8/LC_MEASUREMENT
b6a50000-b6a74000 r-xp 00000000 08:01 135998     /opt/jdk1.8.0_171/jre/lib/i386/libjava.so
b6a74000-b6a75000 rw-p 00024000 08:01 135998     /opt/jdk1.8.0_171/jre/lib/i386/libjava.so
b6a75000-b6a80000 r-xp 00000000 08:01 135946     /opt/jdk1.8.0_171/jre/lib/i386/libverify.so
b6a80000-b6a81000 rw-p 0000b000 08:01 135946     /opt/jdk1.8.0_171/jre/lib/i386/libverify.so
b6a81000-b6a88000 r-xp 00000000 08:01 531        /lib/librt-2.14.1.so
b6a88000-b6a89000 r--p 00006000 08:01 531        /lib/librt-2.14.1.so
b6a89000-b6a8a000 rw-p 00007000 08:01 531        /lib/librt-2.14.1.so
b6a8a000-b6a8d000 ---p 00000000 00:00 0 
b6a8d000-b6ada000 rw-p 00000000 00:00 0          [stack:2309]
b6ada000-b6b05000 r-xp 00000000 08:01 22         /lib/libm-2.14.1.so
b6b05000-b6b06000 r--p 0002a000 08:01 22         /lib/libm-2.14.1.so
b6b06000-b6b07000 rw-p 0002b000 08:01 22         /lib/libm-2.14.1.so
b6b07000-b7163000 r-xp 00000000 08:01 135970     /opt/jdk1.8.0_171/jre/lib/i386/client/libjvm.so
b7163000-b7189000 rw-p 0065b000 08:01 135970     /opt/jdk1.8.0_171/jre/lib/i386/client/libjvm.so
b7189000-b75b1000 rw-p 00000000 00:00 0 
b75b1000-b7721000 r-xp 00000000 08:01 18         /lib/libc-2.14.1.so
b7721000-b7723000 r--p 00170000 08:01 18         /lib/libc-2.14.1.so
b7723000-b7724000 rw-p 00172000 08:01 18         /lib/libc-2.14.1.so
b7724000-b7727000 rw-p 00000000 00:00 0 
b7727000-b772a000 r-xp 00000000 08:01 576        /lib/libdl-2.14.1.so
b772a000-b772b000 r--p 00002000 08:01 576        /lib/libdl-2.14.1.so
b772b000-b772c000 rw-p 00003000 08:01 576        /lib/libdl-2.14.1.so
b772c000-b7741000 r-xp 00000000 08:01 132752     /opt/jdk1.8.0_171/lib/i386/jli/libjli.so
b7741000-b7742000 rw-p 00014000 08:01 132752     /opt/jdk1.8.0_171/lib/i386/jli/libjli.so
b7742000-b7759000 r-xp 00000000 08:01 517        /lib/libpthread-2.14.1.so
b7759000-b775a000 r--p 00016000 08:01 517        /lib/libpthread-2.14.1.so
b775a000-b775b000 rw-p 00017000 08:01 517        /lib/libpthread-2.14.1.so
b775b000-b775d000 rw-p 00000000 00:00 0 
b775d000-b775e000 r--p 00000000 08:01 136147     /usr/lib/locale/en_US.UTF-8/LC_IDENTIFICATION
b775e000-b7766000 rw-s 00000000 08:01 137790     /tmp/hsperfdata_tux/2308
b7766000-b7767000 rw-p 00000000 00:00 0 
b7767000-b7768000 r--p 00000000 00:00 0 
b7768000-b7769000 rw-p 00000000 00:00 0 
b7769000-b7789000 r-xp 00000000 08:01 554        /lib/ld-2.14.1.so
b7789000-b778a000 r--p 0001f000 08:01 554        /lib/ld-2.14.1.so
b778a000-b778b000 rw-p 00020000 08:01 554        /lib/ld-2.14.1.so
bfe7f000-bfea0000 rw-p 00000000 00:00 0          [stack]

VM Arguments:
java_command: C06Ejercicio18
java_class_path (initial): .
Launcher Type: SUN_STANDARD

Environment Variables:
JAVA_HOME=/opt/jdk1.8.0_171
PATH=/home/tux/.local/bin:/usr/sbin:/usr/bin:/sbin:/bin:/usr/games:/usr/local/sbin:/usr/local/bin:/opt/jdk1.8.0_171/bin
SHELL=/bin/sh
DISPLAY=:0.0

Signal Handlers:
SIGSEGV: [libjvm.so+0x5c12b0], sa_mask[0]=11111111011111111101111111111110, sa_flags=SA_RESTART|SA_SIGINFO
SIGBUS: [libjvm.so+0x5c12b0], sa_mask[0]=11111111011111111101111111111110, sa_flags=SA_RESTART|SA_SIGINFO
SIGFPE: [libjvm.so+0x49fa20], sa_mask[0]=11111111011111111101111111111110, sa_flags=SA_RESTART|SA_SIGINFO
SIGPIPE: [libjvm.so+0x49fa20], sa_mask[0]=11111111011111111101111111111110, sa_flags=SA_RESTART|SA_SIGINFO
SIGXFSZ: [libjvm.so+0x49fa20], sa_mask[0]=11111111011111111101111111111110, sa_flags=SA_RESTART|SA_SIGINFO
SIGILL: [libjvm.so+0x49fa20], sa_mask[0]=11111111011111111101111111111110, sa_flags=SA_RESTART|SA_SIGINFO
SIGUSR1: SIG_DFL, sa_mask[0]=00000000000000000000000000000000, sa_flags=none
SIGUSR2: [libjvm.so+0x4a1300], sa_mask[0]=00000000000000000000000000000000, sa_flags=SA_RESTART|SA_SIGINFO
SIGHUP: [libjvm.so+0x4a27b0], sa_mask[0]=11111111011111111101111111111110, sa_flags=SA_RESTART|SA_SIGINFO
SIGINT: [libjvm.so+0x4a27b0], sa_mask[0]=11111111011111111101111111111110, sa_flags=SA_RESTART|SA_SIGINFO
SIGTERM: [libjvm.so+0x4a27b0], sa_mask[0]=11111111011111111101111111111110, sa_flags=SA_RESTART|SA_SIGINFO
SIGQUIT: [libjvm.so+0x4a27b0], sa_mask[0]=11111111011111111101111111111110, sa_flags=SA_RESTART|SA_SIGINFO


---------------  S Y S T E M  ---------------

OS:Linux
uname:Linux 3.16.55-slitaz #4 SMP Tue Mar 27 13:38:39 CEST 2018 i686
libc:glibc 2.14.1 NPTL 2.14.1 
rlimit: STACK 8192k, CORE 0k, NPROC 8052, NOFILE 4096, AS infinity
load average:0.27 0.16 0.14

/proc/meminfo:
MemTotal:        1031272 kB
MemFree:          589016 kB
MemAvailable:     870828 kB
Buffers:           16012 kB
Cached:           274680 kB
SwapCached:            0 kB
Active:           269896 kB
Inactive:         153576 kB
Active(anon):     132988 kB
Inactive(anon):     2060 kB
Active(file):     136908 kB
Inactive(file):   151516 kB
Unevictable:           0 kB
Mlocked:               0 kB
HighTotal:        139208 kB
HighFree:          77552 kB
LowTotal:         892064 kB
LowFree:          511464 kB
SwapTotal:        524284 kB
SwapFree:         524284 kB
Dirty:               136 kB
Writeback:             0 kB
AnonPages:        132820 kB
Mapped:            40460 kB
Shmem:              2264 kB
Slab:              12344 kB
SReclaimable:       7240 kB
SUnreclaim:         5104 kB
KernelStack:        1144 kB
PageTables:         1396 kB
NFS_Unstable:          0 kB
Bounce:                0 kB
WritebackTmp:          0 kB
CommitLimit:     1039920 kB
Committed_AS:     619980 kB
VmallocTotal:     122880 kB
VmallocUsed:        5436 kB
VmallocChunk:     115808 kB
DirectMap4k:       12280 kB
DirectMap4M:      897024 kB


CPU:total 1 (initial active 1) (1 cores per cpu, 1 threads per core) family 6 model 126 stepping 5, cmov, cx8, fxsr, mmx, sse, sse2, sse3, ssse3, sse4.1, sse4.2, tsc, tscinvbit

/proc/cpuinfo:
processor	: 0
vendor_id	: GenuineIntel
cpu family	: 6
model		: 126
model name	: Intel(R) Core(TM) i5-1035G1 CPU @ 1.00GHz
stepping	: 5
microcode	: 0xffffffff
cpu MHz		: 1190.402
cache size	: 6144 KB
physical id	: 0
siblings	: 1
core id		: 0
cpu cores	: 1
apicid		: 0
initial apicid	: 0
fdiv_bug	: no
f00f_bug	: no
coma_bug	: no
fpu		: yes
fpu_exception	: yes
cpuid level	: 22
wp		: yes
flags		: fpu vme de pse tsc msr pae mce cx8 apic sep mtrr pge mca cmov pat pse36 clflush mmx fxsr sse sse2 ht nx rdtscp constant_tsc xtopology nonstop_tsc pni ssse3 sse4_1 sse4_2 hypervisor lahf_lm fsgsbase invpcid
bogomips	: 2380.80
clflush size	: 64
cache_alignment	: 64
address sizes	: 39 bits physical, 48 bits virtual
power management:



Memory: 4k page, physical 1031272k(589016k free), swap 524284k(524284k free)

vm_info: Java HotSpot(TM) Client VM (25.171-b11) for linux-x86 JRE (1.8.0_171-b11), built on Mar 28 2018 12:05:04 by "java_re" with gcc 4.3.0 20080428 (Red Hat 4.3.0-8)

time: Mon Nov 23 08:41:54 2020
elapsed time: 0 seconds (0d 0h 0m 0s)

