#
# A fatal error has been detected by the Java Runtime Environment:
#
#  SIGILL (0x4) at pc=0xb6bf2780, pid=2295, tid=0xa42fab70
#
# JRE version: Java(TM) SE Runtime Environment (8.0_171-b11) (build 1.8.0_171-b11)
# Java VM: Java HotSpot(TM) Client VM (25.171-b11 mixed mode linux-x86 )
# Problematic frame:
# V  [libjvm.so+0xf3780]  LIR_Assembler::LIR_Assembler(Compilation*)+0x0
#
# Failed to write core dump. Core dumps have been disabled. To enable core dumping, try "ulimit -c unlimited" before starting Java again
#
# If you would like to submit a bug report, please visit:
#   http://bugreport.java.com/bugreport/crash.jsp
#

---------------  T H R E A D  ---------------

Current thread (0x098a0000):  JavaThread "C1 CompilerThread0" daemon [_thread_in_native, id=2301, stack(0xa427b000,0xa42fb000)]

siginfo: si_signo: 4 (SIGILL), si_code: 2 (ILL_ILLOPN), si_addr: 0xb6bf2780

Registers:
EAX=0xa42f99d0, EBX=0xb716b158, ECX=0x098a0350, EDX=0x098b9d48
ESP=0xa42f99ac, EBP=0xa42f9a18, ESI=0x098b9d38, EDI=0xa42f9b98
EIP=0xb6bf2780, EFLAGS=0x00010286, CR2=0x00000000

Top of Stack: (sp=0xa42f99ac)
0xa42f99ac:   b6bc61d9 a42f99d0 a42f9b98 098a0350
0xa42f99bc:   098a0350 00000000 a42f99d0 a42f9c1c
0xa42f99cc:   b716b158 0000000a a42f9a54 a42f9a18
0xa42f99dc:   b6bc73b3 a42f9a54 b711f47e b7182788
0xa42f99ec:   00000000 00000000 098a86f0 a42f9a18
0xa42f99fc:   b6bc74d0 a42f9a54 00000000 00000007
0xa42f9a0c:   b716b158 a42f9b98 098a86f0 a42f9a88
0xa42f9a1c:   b6bc6769 a42f9b98 0000000a 00000000 

Instructions: (pc=0xb6bf2780)
0xb6bf2760:   ff ff ff 00 ff ff ff 00 ff ff ff 00 ff ff ff 00
0xb6bf2770:   ff ff ff 00 ff ff ff 00 ff ff ff 00 ff ff ff 00
0xb6bf2780:   ff ff ff 00 ff ff ff 00 ff ff ff 00 ff ff ff 00
0xb6bf2790:   ff ff ff 00 ff ff ff 00 ff ff ff 00 ff ff ff 00 

Register to memory mapping:

EAX=0xa42f99d0 is pointing into the stack for thread: 0x098a0000
EBX=0xb716b158: <offset 0x66c158> in /opt/jdk1.8.0_171/jre/lib/i386/client/libjvm.so at 0xb6aff000
ECX=0x098a0350 is an unknown value
EDX=0x098b9d48 is an unknown value
ESP=0xa42f99ac is pointing into the stack for thread: 0x098a0000
EBP=0xa42f9a18 is pointing into the stack for thread: 0x098a0000
ESI=0x098b9d38 is an unknown value
EDI=0xa42f9b98 is pointing into the stack for thread: 0x098a0000


Stack: [0xa427b000,0xa42fb000],  sp=0xa42f99ac,  free space=506k
Native frames: (J=compiled Java code, j=interpreted, Vv=VM code, C=native code)
V  [libjvm.so+0xf3780]  LIR_Assembler::LIR_Assembler(Compilation*)+0x0
V  [libjvm.so+0xc7769]  Compilation::compile_java_method()+0xf9
V  [libjvm.so+0xc7814]  Compilation::compile_method()+0x54
V  [libjvm.so+0xc7af7]  Compilation::Compilation(AbstractCompiler*, ciEnv*, ciMethod*, int, BufferBlob*)+0x207
V  [libjvm.so+0xc88db]  Compiler::compile_method(ciEnv*, ciMethod*, int)+0x7b
V  [libjvm.so+0x1cd4f1]  CompileBroker::invoke_compiler_on_method(CompileTask*)+0xdb1
V  [libjvm.so+0x1ce317]  CompileBroker::compiler_thread_loop()+0x567
V  [libjvm.so+0x5794c8]  compiler_thread_entry(JavaThread*, Thread*)+0x18
V  [libjvm.so+0x583e7f]  JavaThread::thread_main_inner()+0xff
V  [libjvm.so+0x583ffb]  JavaThread::run()+0x14b
V  [libjvm.so+0x4a5919]  java_start(Thread*)+0x119
C  [libpthread.so.0+0x6a0d]
C  [libc.so.6+0xd5fde]  clone+0x5e


Current CompileTask:
C1:    120    1             java.lang.String::hashCode (55 bytes)


---------------  P R O C E S S  ---------------

Java Threads: ( => current thread )
  0x098a3400 JavaThread "Service Thread" daemon [_thread_blocked, id=2302, stack(0xa422b000,0xa427b000)]
=>0x098a0000 JavaThread "C1 CompilerThread0" daemon [_thread_in_native, id=2301, stack(0xa427b000,0xa42fb000)]
  0x0989e400 JavaThread "Signal Dispatcher" daemon [_thread_blocked, id=2300, stack(0xa42fb000,0xa434b000)]
  0x09863c00 JavaThread "Finalizer" daemon [_thread_blocked, id=2299, stack(0xa44ba000,0xa450a000)]
  0x09860c00 JavaThread "Reference Handler" daemon [_thread_blocked, id=2298, stack(0xa450a000,0xa455a000)]
  0x09806000 JavaThread "main" [_thread_in_native, id=2296, stack(0xb6a82000,0xb6ad2000)]

Other Threads:
  0x0985c400 VMThread [stack: 0xa455a000,0xa45da000] [id=2297]
  0x098c8800 WatcherThread [stack: 0xa41ab000,0xa422b000] [id=2303]

VM state:not at safepoint (normal execution)

VM Mutex/Monitor currently owned by a thread: None

Heap:
 def new generation   total 2432K, used 337K [0xa4c00000, 0xa4ea0000, 0xaa000000)
  eden space 2176K,  15% used [0xa4c00000, 0xa4c54478, 0xa4e20000)
  from space 256K,   0% used [0xa4e20000, 0xa4e20000, 0xa4e60000)
  to   space 256K,   0% used [0xa4e60000, 0xa4e60000, 0xa4ea0000)
 tenured generation   total 5504K, used 0K [0xaa000000, 0xaa560000, 0xb4800000)
   the space 5504K,   0% used [0xaa000000, 0xaa000000, 0xaa000200, 0xaa560000)
 Metaspace       used 1510K, capacity 2200K, committed 2200K, reserved 4400K

Card table byte_map: [0xb4915000,0xb4994000] byte_map_base: 0xb43ef000

Polling page: 0xb775f000

CodeCache: size=32768Kb used=653Kb max_used=653Kb free=32114Kb
 bounds [0xb4a14000, 0xb4abc000, 0xb6a14000]
 total_blobs=137 nmethods=0 adapters=69
 compilation: enabled

Compilation events (1 events):
Event: 0.069 Thread 0x098a0000    1             java.lang.String::hashCode (55 bytes)

GC Heap History (0 events):
No events

Deoptimization events (0 events):
No events

Classes redefined (0 events):
No events

Internal exceptions (2 events):
Event: 0.034 Thread 0x09806000 Exception <a 'java/lang/NoSuchMethodError': Method sun.misc.Unsafe.defineClass(Ljava/lang/String;[BII)Ljava/lang/Class; name or signature does not match> (0xa4c06ea0) thrown at [/HUDSON/workspace/8-2-build-linux-i586/jdk8u171/10807/hotspot/src/share/vm/pr
Event: 0.034 Thread 0x09806000 Exception <a 'java/lang/NoSuchMethodError': Method sun.misc.Unsafe.prefetchRead(Ljava/lang/Object;J)V name or signature does not match> (0xa4c07170) thrown at [/HUDSON/workspace/8-2-build-linux-i586/jdk8u171/10807/hotspot/src/share/vm/prims/jni.cpp, line 

Events (10 events):
Event: 0.080 loading class java/util/jar/JarFile done
Event: 0.080 loading class java/util/jar/JavaUtilJarAccessImpl
Event: 0.080 loading class sun/misc/JavaUtilJarAccess
Event: 0.080 loading class sun/misc/JavaUtilJarAccess done
Event: 0.080 loading class java/util/jar/JavaUtilJarAccessImpl done
Event: 0.080 loading class java/nio/charset/StandardCharsets
Event: 0.080 loading class java/nio/charset/StandardCharsets done
Event: 0.080 loading class sun/nio/cs/US_ASCII
Event: 0.080 loading class sun/nio/cs/US_ASCII done
Event: 0.080 loading class sun/nio/cs/ISO_8859_1


Dynamic libraries:
08048000-08049000 r-xp 00000000 08:01 135733     /opt/jdk1.8.0_171/bin/javac
08049000-0804a000 rw-p 00000000 08:01 135733     /opt/jdk1.8.0_171/bin/javac
097fe000-098d9000 rw-p 00000000 00:00 0          [heap]
a4034000-a41ab000 rw-p 00000000 00:00 0 
a41ab000-a41ac000 ---p 00000000 00:00 0 
a41ac000-a422b000 rw-p 00000000 00:00 0          [stack:2303]
a422b000-a422e000 ---p 00000000 00:00 0 
a422e000-a427b000 rw-p 00000000 00:00 0          [stack:2302]
a427b000-a427e000 ---p 00000000 00:00 0 
a427e000-a42fb000 rw-p 00000000 00:00 0          [stack:2301]
a42fb000-a42fe000 ---p 00000000 00:00 0 
a42fe000-a434b000 rw-p 00000000 00:00 0          [stack:2300]
a434b000-a438a000 r--p 00000000 08:01 136119     /usr/lib/locale/en_US.UTF-8/LC_CTYPE
a438a000-a44ba000 r--p 00000000 08:01 136125     /usr/lib/locale/en_US.UTF-8/LC_COLLATE
a44ba000-a44bd000 ---p 00000000 00:00 0 
a44bd000-a450a000 rw-p 00000000 00:00 0          [stack:2299]
a450a000-a450d000 ---p 00000000 00:00 0 
a450d000-a455a000 rw-p 00000000 00:00 0          [stack:2298]
a455a000-a455b000 ---p 00000000 00:00 0 
a455b000-a45da000 rw-p 00000000 00:00 0          [stack:2297]
a45da000-a47b4000 r--s 03d68000 08:01 136051     /opt/jdk1.8.0_171/jre/lib/rt.jar
a47b4000-a49da000 rw-p 00000000 00:00 0 
a49da000-a4c00000 ---p 00000000 00:00 0 
a4c00000-a4ea0000 rw-p 00000000 00:00 0 
a4ea0000-aa000000 ---p 00000000 00:00 0 
aa000000-aa560000 rw-p 00000000 00:00 0 
aa560000-b4800000 ---p 00000000 00:00 0 
b4816000-b48c3000 rw-p 00000000 00:00 0 
b48c3000-b4915000 ---p 00000000 00:00 0 
b4915000-b4917000 rw-p 00000000 00:00 0 
b4917000-b493f000 ---p 00000000 00:00 0 
b493f000-b4942000 rw-p 00000000 00:00 0 
b4942000-b4993000 ---p 00000000 00:00 0 
b4993000-b4997000 rw-p 00000000 00:00 0 
b4997000-b4a14000 ---p 00000000 00:00 0 
b4a14000-b4abc000 rwxp 00000000 00:00 0 
b4abc000-b6a14000 ---p 00000000 00:00 0 
b6a14000-b6a2e000 r-xp 00000000 08:01 136004     /opt/jdk1.8.0_171/jre/lib/i386/libzip.so
b6a2e000-b6a2f000 rw-p 00019000 08:01 136004     /opt/jdk1.8.0_171/jre/lib/i386/libzip.so
b6a2f000-b6a3b000 r-xp 00000000 08:01 516        /lib/libnss_files-2.14.1.so
b6a3b000-b6a3c000 r--p 0000b000 08:01 516        /lib/libnss_files-2.14.1.so
b6a3c000-b6a3d000 rw-p 0000c000 08:01 516        /lib/libnss_files-2.14.1.so
b6a3d000-b6a3f000 rw-p 00000000 00:00 0 
b6a3f000-b6a40000 r--p 00000000 08:01 136137     /usr/lib/locale/en_US.UTF-8/LC_NUMERIC
b6a40000-b6a41000 r--p 00000000 08:01 136138     /usr/lib/locale/en_US.UTF-8/LC_TIME
b6a41000-b6a42000 r--p 00000000 08:01 136139     /usr/lib/locale/en_US.UTF-8/LC_MONETARY
b6a42000-b6a43000 r--p 00000000 08:01 136141     /usr/lib/locale/en_US.UTF-8/LC_MESSAGES/SYS_LC_MESSAGES
b6a43000-b6a44000 r--p 00000000 08:01 136142     /usr/lib/locale/en_US.UTF-8/LC_PAPER
b6a44000-b6a45000 r--p 00000000 08:01 136143     /usr/lib/locale/en_US.UTF-8/LC_NAME
b6a45000-b6a46000 r--p 00000000 08:01 136144     /usr/lib/locale/en_US.UTF-8/LC_ADDRESS
b6a46000-b6a47000 r--p 00000000 08:01 136145     /usr/lib/locale/en_US.UTF-8/LC_TELEPHONE
b6a47000-b6a48000 r--p 00000000 08:01 136146     /usr/lib/locale/en_US.UTF-8/LC_MEASUREMENT
b6a48000-b6a6c000 r-xp 00000000 08:01 135998     /opt/jdk1.8.0_171/jre/lib/i386/libjava.so
b6a6c000-b6a6d000 rw-p 00024000 08:01 135998     /opt/jdk1.8.0_171/jre/lib/i386/libjava.so
b6a6d000-b6a78000 r-xp 00000000 08:01 135946     /opt/jdk1.8.0_171/jre/lib/i386/libverify.so
b6a78000-b6a79000 rw-p 0000b000 08:01 135946     /opt/jdk1.8.0_171/jre/lib/i386/libverify.so
b6a79000-b6a80000 r-xp 00000000 08:01 531        /lib/librt-2.14.1.so
b6a80000-b6a81000 r--p 00006000 08:01 531        /lib/librt-2.14.1.so
b6a81000-b6a82000 rw-p 00007000 08:01 531        /lib/librt-2.14.1.so
b6a82000-b6a85000 ---p 00000000 00:00 0 
b6a85000-b6ad2000 rw-p 00000000 00:00 0          [stack:2296]
b6ad2000-b6afd000 r-xp 00000000 08:01 22         /lib/libm-2.14.1.so
b6afd000-b6afe000 r--p 0002a000 08:01 22         /lib/libm-2.14.1.so
b6afe000-b6aff000 rw-p 0002b000 08:01 22         /lib/libm-2.14.1.so
b6aff000-b715b000 r-xp 00000000 08:01 135970     /opt/jdk1.8.0_171/jre/lib/i386/client/libjvm.so
b715b000-b7181000 rw-p 0065b000 08:01 135970     /opt/jdk1.8.0_171/jre/lib/i386/client/libjvm.so
b7181000-b75a9000 rw-p 00000000 00:00 0 
b75a9000-b7719000 r-xp 00000000 08:01 18         /lib/libc-2.14.1.so
b7719000-b771b000 r--p 00170000 08:01 18         /lib/libc-2.14.1.so
b771b000-b771c000 rw-p 00172000 08:01 18         /lib/libc-2.14.1.so
b771c000-b771f000 rw-p 00000000 00:00 0 
b771f000-b7722000 r-xp 00000000 08:01 576        /lib/libdl-2.14.1.so
b7722000-b7723000 r--p 00002000 08:01 576        /lib/libdl-2.14.1.so
b7723000-b7724000 rw-p 00003000 08:01 576        /lib/libdl-2.14.1.so
b7724000-b7739000 r-xp 00000000 08:01 132752     /opt/jdk1.8.0_171/lib/i386/jli/libjli.so
b7739000-b773a000 rw-p 00014000 08:01 132752     /opt/jdk1.8.0_171/lib/i386/jli/libjli.so
b773a000-b7751000 r-xp 00000000 08:01 517        /lib/libpthread-2.14.1.so
b7751000-b7752000 r--p 00016000 08:01 517        /lib/libpthread-2.14.1.so
b7752000-b7753000 rw-p 00017000 08:01 517        /lib/libpthread-2.14.1.so
b7753000-b7755000 rw-p 00000000 00:00 0 
b7755000-b7756000 r--p 00000000 08:01 136147     /usr/lib/locale/en_US.UTF-8/LC_IDENTIFICATION
b7756000-b775e000 rw-s 00000000 08:01 137236     /tmp/hsperfdata_tux/2295
b775e000-b775f000 rw-p 00000000 00:00 0 
b775f000-b7760000 r--p 00000000 00:00 0 
b7760000-b7761000 rw-p 00000000 00:00 0 
b7761000-b7781000 r-xp 00000000 08:01 554        /lib/ld-2.14.1.so
b7781000-b7782000 r--p 0001f000 08:01 554        /lib/ld-2.14.1.so
b7782000-b7783000 rw-p 00020000 08:01 554        /lib/ld-2.14.1.so
bfb02000-bfb23000 rw-p 00000000 00:00 0          [stack]

VM Arguments:
jvm_args: -Dapplication.home=/opt/jdk1.8.0_171 -Xms8m 
java_command: com.sun.tools.javac.Main C06Ejercicio18.java
java_class_path (initial): /opt/jdk1.8.0_171/lib/tools.jar:/opt/jdk1.8.0_171/classes
Launcher Type: SUN_STANDARD

Environment Variables:
JAVA_HOME=/opt/jdk1.8.0_171
PATH=/home/tux/.local/bin:/usr/sbin:/usr/bin:/sbin:/bin:/usr/games:/usr/local/sbin:/usr/local/bin:/opt/jdk1.8.0_171/bin
SHELL=/bin/sh
DISPLAY=:0.0

Signal Handlers:
SIGSEGV: [libjvm.so+0x5c12b0], sa_mask[0]=11111111011111111101111111111110, sa_flags=SA_RESTART|SA_SIGINFO
SIGBUS: [libjvm.so+0x5c12b0], sa_mask[0]=11111111011111111101111111111110, sa_flags=SA_RESTART|SA_SIGINFO
SIGFPE: [libjvm.so+0x49fa20], sa_mask[0]=11111111011111111101111111111110, sa_flags=SA_RESTART|SA_SIGINFO
SIGPIPE: [libjvm.so+0x49fa20], sa_mask[0]=11111111011111111101111111111110, sa_flags=SA_RESTART|SA_SIGINFO
SIGXFSZ: [libjvm.so+0x49fa20], sa_mask[0]=11111111011111111101111111111110, sa_flags=SA_RESTART|SA_SIGINFO
SIGILL: [libjvm.so+0x49fa20], sa_mask[0]=11111111011111111101111111111110, sa_flags=SA_RESTART|SA_SIGINFO
SIGUSR1: SIG_DFL, sa_mask[0]=00000000000000000000000000000000, sa_flags=none
SIGUSR2: [libjvm.so+0x4a1300], sa_mask[0]=00000000000000000000000000000000, sa_flags=SA_RESTART|SA_SIGINFO
SIGHUP: [libjvm.so+0x4a27b0], sa_mask[0]=11111111011111111101111111111110, sa_flags=SA_RESTART|SA_SIGINFO
SIGINT: [libjvm.so+0x4a27b0], sa_mask[0]=11111111011111111101111111111110, sa_flags=SA_RESTART|SA_SIGINFO
SIGTERM: [libjvm.so+0x4a27b0], sa_mask[0]=11111111011111111101111111111110, sa_flags=SA_RESTART|SA_SIGINFO
SIGQUIT: [libjvm.so+0x4a27b0], sa_mask[0]=11111111011111111101111111111110, sa_flags=SA_RESTART|SA_SIGINFO


---------------  S Y S T E M  ---------------

OS:Linux
uname:Linux 3.16.55-slitaz #4 SMP Tue Mar 27 13:38:39 CEST 2018 i686
libc:glibc 2.14.1 NPTL 2.14.1 
rlimit: STACK 8192k, CORE 0k, NPROC 8052, NOFILE 4096, AS infinity
load average:0.12 0.13 0.13

/proc/meminfo:
MemTotal:        1031272 kB
MemFree:          590924 kB
MemAvailable:     872136 kB
Buffers:           16012 kB
Cached:           274092 kB
SwapCached:            0 kB
Active:           268896 kB
Inactive:         153024 kB
Active(anon):     132032 kB
Inactive(anon):     2060 kB
Active(file):     136864 kB
Inactive(file):   150964 kB
Unevictable:           0 kB
Mlocked:               0 kB
HighTotal:        139208 kB
HighFree:          77832 kB
LowTotal:         892064 kB
LowFree:          513092 kB
SwapTotal:        524284 kB
SwapFree:         524284 kB
Dirty:                48 kB
Writeback:             0 kB
AnonPages:        131836 kB
Mapped:            40276 kB
Shmem:              2264 kB
Slab:              12320 kB
SReclaimable:       7228 kB
SUnreclaim:         5092 kB
KernelStack:        1096 kB
PageTables:         1340 kB
NFS_Unstable:          0 kB
Bounce:                0 kB
WritebackTmp:          0 kB
CommitLimit:     1039920 kB
Committed_AS:     609044 kB
VmallocTotal:     122880 kB
VmallocUsed:        5404 kB
VmallocChunk:     115888 kB
DirectMap4k:       12280 kB
DirectMap4M:      897024 kB


CPU:total 1 (initial active 1) (1 cores per cpu, 1 threads per core) family 6 model 126 stepping 5, cmov, cx8, fxsr, mmx, sse, sse2, sse3, ssse3, sse4.1, sse4.2, tsc, tscinvbit

/proc/cpuinfo:
processor	: 0
vendor_id	: GenuineIntel
cpu family	: 6
model		: 126
model name	: Intel(R) Core(TM) i5-1035G1 CPU @ 1.00GHz
stepping	: 5
microcode	: 0xffffffff
cpu MHz		: 1190.402
cache size	: 6144 KB
physical id	: 0
siblings	: 1
core id		: 0
cpu cores	: 1
apicid		: 0
initial apicid	: 0
fdiv_bug	: no
f00f_bug	: no
coma_bug	: no
fpu		: yes
fpu_exception	: yes
cpuid level	: 22
wp		: yes
flags		: fpu vme de pse tsc msr pae mce cx8 apic sep mtrr pge mca cmov pat pse36 clflush mmx fxsr sse sse2 ht nx rdtscp constant_tsc xtopology nonstop_tsc pni ssse3 sse4_1 sse4_2 hypervisor lahf_lm fsgsbase invpcid
bogomips	: 2380.80
clflush size	: 64
cache_alignment	: 64
address sizes	: 39 bits physical, 48 bits virtual
power management:



Memory: 4k page, physical 1031272k(590924k free), swap 524284k(524284k free)

vm_info: Java HotSpot(TM) Client VM (25.171-b11) for linux-x86 JRE (1.8.0_171-b11), built on Mar 28 2018 12:05:04 by "java_re" with gcc 4.3.0 20080428 (Red Hat 4.3.0-8)

time: Mon Nov 23 08:41:50 2020
elapsed time: 0 seconds (0d 0h 0m 0s)

