#
# A fatal error has been detected by the Java Runtime Environment:
#
#  SIGILL (0x4) at pc=0xb6bbe780, pid=2282, tid=0xa42abb70
#
# JRE version: Java(TM) SE Runtime Environment (8.0_171-b11) (build 1.8.0_171-b11)
# Java VM: Java HotSpot(TM) Client VM (25.171-b11 mixed mode linux-x86 )
# Problematic frame:
# V  [libjvm.so+0xf3780]  LIR_Assembler::LIR_Assembler(Compilation*)+0x0
#
# Failed to write core dump. Core dumps have been disabled. To enable core dumping, try "ulimit -c unlimited" before starting Java again
#
# If you would like to submit a bug report, please visit:
#   http://bugreport.java.com/bugreport/crash.jsp
#

---------------  T H R E A D  ---------------

Current thread (0x09570c00):  JavaThread "C1 CompilerThread0" daemon [_thread_in_native, id=2288, stack(0xa422c000,0xa42ac000)]

siginfo: si_signo: 4 (SIGILL), si_code: 2 (ILL_ILLOPN), si_addr: 0xb6bbe780

Registers:
EAX=0xa42aa850, EBX=0xb7137158, ECX=0x09571228, EDX=0x0958ad28
ESP=0xa42aa82c, EBP=0xa42aa898, ESI=0x0958ad18, EDI=0xa42aaa18
EIP=0xb6bbe780, EFLAGS=0x00010282, CR2=0x00000000

Top of Stack: (sp=0xa42aa82c)
0xa42aa82c:   b6b921d9 a42aa850 a42aaa18 09571228
0xa42aa83c:   09571228 00000000 a42aa850 a42aaa9c
0xa42aa84c:   b7137158 0000000a a42aa8d4 a42aa898
0xa42aa85c:   b6b933b3 a42aa8d4 b70eb47e b714e788
0xa42aa86c:   00000000 00000000 095796d0 a42aa898
0xa42aa87c:   b6b934d0 a42aa8d4 00000000 00000007
0xa42aa88c:   b7137158 a42aaa18 095796d0 a42aa908
0xa42aa89c:   b6b92769 a42aaa18 0000000a 00000000 

Instructions: (pc=0xb6bbe780)
0xb6bbe760:   ff ff ff 00 ff ff ff 00 ff ff ff 00 ff ff ff 00
0xb6bbe770:   ff ff ff 00 ff ff ff 00 ff ff ff 00 ff ff ff 00
0xb6bbe780:   ff ff ff 00 ff ff ff 00 ff ff ff 00 ff ff ff 00
0xb6bbe790:   ff ff ff 00 ff ff ff 00 ff ff ff 00 ff ff ff 00 

Register to memory mapping:

EAX=0xa42aa850 is pointing into the stack for thread: 0x09570c00
EBX=0xb7137158: <offset 0x66c158> in /opt/jdk1.8.0_171/jre/lib/i386/client/libjvm.so at 0xb6acb000
ECX=0x09571228 is an unknown value
EDX=0x0958ad28 is an unknown value
ESP=0xa42aa82c is pointing into the stack for thread: 0x09570c00
EBP=0xa42aa898 is pointing into the stack for thread: 0x09570c00
ESI=0x0958ad18 is an unknown value
EDI=0xa42aaa18 is pointing into the stack for thread: 0x09570c00


Stack: [0xa422c000,0xa42ac000],  sp=0xa42aa82c,  free space=506k
Native frames: (J=compiled Java code, j=interpreted, Vv=VM code, C=native code)
V  [libjvm.so+0xf3780]  LIR_Assembler::LIR_Assembler(Compilation*)+0x0
V  [libjvm.so+0xc7769]  Compilation::compile_java_method()+0xf9
V  [libjvm.so+0xc7814]  Compilation::compile_method()+0x54
V  [libjvm.so+0xc7af7]  Compilation::Compilation(AbstractCompiler*, ciEnv*, ciMethod*, int, BufferBlob*)+0x207
V  [libjvm.so+0xc88db]  Compiler::compile_method(ciEnv*, ciMethod*, int)+0x7b
V  [libjvm.so+0x1cd4f1]  CompileBroker::invoke_compiler_on_method(CompileTask*)+0xdb1
V  [libjvm.so+0x1ce317]  CompileBroker::compiler_thread_loop()+0x567
V  [libjvm.so+0x5794c8]  compiler_thread_entry(JavaThread*, Thread*)+0x18
V  [libjvm.so+0x583e7f]  JavaThread::thread_main_inner()+0xff
V  [libjvm.so+0x583ffb]  JavaThread::run()+0x14b
V  [libjvm.so+0x4a5919]  java_start(Thread*)+0x119
C  [libpthread.so.0+0x6a0d]
C  [libc.so.6+0xd5fde]  clone+0x5e


Current CompileTask:
C1:    113    1             java.lang.String::hashCode (55 bytes)


---------------  P R O C E S S  ---------------

Java Threads: ( => current thread )
  0x09574000 JavaThread "Service Thread" daemon [_thread_blocked, id=2289, stack(0xa41dc000,0xa422c000)]
=>0x09570c00 JavaThread "C1 CompilerThread0" daemon [_thread_in_native, id=2288, stack(0xa422c000,0xa42ac000)]
  0x0956f400 JavaThread "Signal Dispatcher" daemon [_thread_blocked, id=2287, stack(0xa42ac000,0xa42fc000)]
  0x09538400 JavaThread "Finalizer" daemon [_thread_blocked, id=2286, stack(0xa446b000,0xa44bb000)]
  0x09531c00 JavaThread "Reference Handler" daemon [_thread_blocked, id=2285, stack(0xa44bb000,0xa450b000)]
  0x094d7000 JavaThread "main" [_thread_in_vm, id=2283, stack(0xb6a4e000,0xb6a9e000)]

Other Threads:
  0x0952d400 VMThread [stack: 0xa450b000,0xa458b000] [id=2284]

VM state:not at safepoint (normal execution)

VM Mutex/Monitor currently owned by a thread:  ([mutex/lock_event])
[0x094d6070] PeriodicTask_lock - owner thread: 0x094d7000

Heap:
 def new generation   total 2432K, used 337K [0xa4c00000, 0xa4ea0000, 0xaa000000)
  eden space 2176K,  15% used [0xa4c00000, 0xa4c54478, 0xa4e20000)
  from space 256K,   0% used [0xa4e20000, 0xa4e20000, 0xa4e60000)
  to   space 256K,   0% used [0xa4e60000, 0xa4e60000, 0xa4ea0000)
 tenured generation   total 5504K, used 0K [0xaa000000, 0xaa560000, 0xb4800000)
   the space 5504K,   0% used [0xaa000000, 0xaa000000, 0xaa000200, 0xaa560000)
 Metaspace       used 1439K, capacity 2200K, committed 2200K, reserved 4400K

Card table byte_map: [0xb48e1000,0xb4960000] byte_map_base: 0xb43bb000

Polling page: 0xb772b000

CodeCache: size=32768Kb used=652Kb max_used=652Kb free=32115Kb
 bounds [0xb49e0000, 0xb4a88000, 0xb69e0000]
 total_blobs=134 nmethods=0 adapters=66
 compilation: enabled

Compilation events (1 events):
Event: 0.081 Thread 0x09570c00    1             java.lang.String::hashCode (55 bytes)

GC Heap History (0 events):
No events

Deoptimization events (0 events):
No events

Classes redefined (0 events):
No events

Internal exceptions (2 events):
Event: 0.049 Thread 0x094d7000 Exception <a 'java/lang/NoSuchMethodError': Method sun.misc.Unsafe.defineClass(Ljava/lang/String;[BII)Ljava/lang/Class; name or signature does not match> (0xa4c06ea0) thrown at [/HUDSON/workspace/8-2-build-linux-i586/jdk8u171/10807/hotspot/src/share/vm/pr
Event: 0.049 Thread 0x094d7000 Exception <a 'java/lang/NoSuchMethodError': Method sun.misc.Unsafe.prefetchRead(Ljava/lang/Object;J)V name or signature does not match> (0xa4c07170) thrown at [/HUDSON/workspace/8-2-build-linux-i586/jdk8u171/10807/hotspot/src/share/vm/prims/jni.cpp, line 

Events (10 events):
Event: 0.085 loading class java/util/concurrent/atomic/AtomicBoolean
Event: 0.085 loading class java/util/concurrent/atomic/AtomicBoolean done
Event: 0.085 loading class sun/usagetracker/UsageTrackerClient$1
Event: 0.086 loading class sun/usagetracker/UsageTrackerClient$1 done
Event: 0.086 loading class sun/usagetracker/UsageTrackerClient$4
Event: 0.086 loading class sun/usagetracker/UsageTrackerClient$4 done
Event: 0.086 loading class sun/usagetracker/UsageTrackerClient$3
Event: 0.086 loading class sun/usagetracker/UsageTrackerClient$3 done
Event: 0.086 loading class java/io/FileOutputStream$1
Event: 0.086 loading class java/io/FileOutputStream$1 done


Dynamic libraries:
08048000-08049000 r-xp 00000000 08:01 135733     /opt/jdk1.8.0_171/bin/javac
08049000-0804a000 rw-p 00000000 08:01 135733     /opt/jdk1.8.0_171/bin/javac
094cf000-095aa000 rw-p 00000000 00:00 0          [heap]
a3fe5000-a415c000 rw-p 00000000 00:00 0 
a415c000-a415d000 ---p 00000000 00:00 0 
a415d000-a41dc000 rw-p 00000000 00:00 0          [stack:2290]
a41dc000-a41df000 ---p 00000000 00:00 0 
a41df000-a422c000 rw-p 00000000 00:00 0          [stack:2289]
a422c000-a422f000 ---p 00000000 00:00 0 
a422f000-a42ac000 rw-p 00000000 00:00 0          [stack:2288]
a42ac000-a42af000 ---p 00000000 00:00 0 
a42af000-a42fc000 rw-p 00000000 00:00 0          [stack:2287]
a42fc000-a433b000 r--p 00000000 08:01 136119     /usr/lib/locale/en_US.UTF-8/LC_CTYPE
a433b000-a446b000 r--p 00000000 08:01 136125     /usr/lib/locale/en_US.UTF-8/LC_COLLATE
a446b000-a446e000 ---p 00000000 00:00 0 
a446e000-a44bb000 rw-p 00000000 00:00 0          [stack:2286]
a44bb000-a44be000 ---p 00000000 00:00 0 
a44be000-a450b000 rw-p 00000000 00:00 0          [stack:2285]
a450b000-a450c000 ---p 00000000 00:00 0 
a450c000-a45da000 rw-p 00000000 00:00 0          [stack:2284]
a45da000-a47b4000 r--s 03d68000 08:01 136051     /opt/jdk1.8.0_171/jre/lib/rt.jar
a47b4000-a49da000 rw-p 00000000 00:00 0 
a49da000-a4c00000 ---p 00000000 00:00 0 
a4c00000-a4ea0000 rw-p 00000000 00:00 0 
a4ea0000-aa000000 ---p 00000000 00:00 0 
aa000000-aa560000 rw-p 00000000 00:00 0 
aa560000-b4800000 ---p 00000000 00:00 0 
b4831000-b488f000 rw-p 00000000 00:00 0 
b488f000-b48e1000 ---p 00000000 00:00 0 
b48e1000-b48e3000 rw-p 00000000 00:00 0 
b48e3000-b490b000 ---p 00000000 00:00 0 
b490b000-b490e000 rw-p 00000000 00:00 0 
b490e000-b495f000 ---p 00000000 00:00 0 
b495f000-b4963000 rw-p 00000000 00:00 0 
b4963000-b49e0000 ---p 00000000 00:00 0 
b49e0000-b4a88000 rwxp 00000000 00:00 0 
b4a88000-b69e0000 ---p 00000000 00:00 0 
b69e0000-b69fa000 r-xp 00000000 08:01 136004     /opt/jdk1.8.0_171/jre/lib/i386/libzip.so
b69fa000-b69fb000 rw-p 00019000 08:01 136004     /opt/jdk1.8.0_171/jre/lib/i386/libzip.so
b69fb000-b6a07000 r-xp 00000000 08:01 516        /lib/libnss_files-2.14.1.so
b6a07000-b6a08000 r--p 0000b000 08:01 516        /lib/libnss_files-2.14.1.so
b6a08000-b6a09000 rw-p 0000c000 08:01 516        /lib/libnss_files-2.14.1.so
b6a09000-b6a0b000 rw-p 00000000 00:00 0 
b6a0b000-b6a0c000 r--p 00000000 08:01 136137     /usr/lib/locale/en_US.UTF-8/LC_NUMERIC
b6a0c000-b6a0d000 r--p 00000000 08:01 136138     /usr/lib/locale/en_US.UTF-8/LC_TIME
b6a0d000-b6a0e000 r--p 00000000 08:01 136139     /usr/lib/locale/en_US.UTF-8/LC_MONETARY
b6a0e000-b6a0f000 r--p 00000000 08:01 136141     /usr/lib/locale/en_US.UTF-8/LC_MESSAGES/SYS_LC_MESSAGES
b6a0f000-b6a10000 r--p 00000000 08:01 136142     /usr/lib/locale/en_US.UTF-8/LC_PAPER
b6a10000-b6a11000 r--p 00000000 08:01 136143     /usr/lib/locale/en_US.UTF-8/LC_NAME
b6a11000-b6a12000 r--p 00000000 08:01 136144     /usr/lib/locale/en_US.UTF-8/LC_ADDRESS
b6a12000-b6a13000 r--p 00000000 08:01 136145     /usr/lib/locale/en_US.UTF-8/LC_TELEPHONE
b6a13000-b6a14000 r--p 00000000 08:01 136146     /usr/lib/locale/en_US.UTF-8/LC_MEASUREMENT
b6a14000-b6a38000 r-xp 00000000 08:01 135998     /opt/jdk1.8.0_171/jre/lib/i386/libjava.so
b6a38000-b6a39000 rw-p 00024000 08:01 135998     /opt/jdk1.8.0_171/jre/lib/i386/libjava.so
b6a39000-b6a44000 r-xp 00000000 08:01 135946     /opt/jdk1.8.0_171/jre/lib/i386/libverify.so
b6a44000-b6a45000 rw-p 0000b000 08:01 135946     /opt/jdk1.8.0_171/jre/lib/i386/libverify.so
b6a45000-b6a4c000 r-xp 00000000 08:01 531        /lib/librt-2.14.1.so
b6a4c000-b6a4d000 r--p 00006000 08:01 531        /lib/librt-2.14.1.so
b6a4d000-b6a4e000 rw-p 00007000 08:01 531        /lib/librt-2.14.1.so
b6a4e000-b6a51000 ---p 00000000 00:00 0 
b6a51000-b6a9e000 rw-p 00000000 00:00 0          [stack:2283]
b6a9e000-b6ac9000 r-xp 00000000 08:01 22         /lib/libm-2.14.1.so
b6ac9000-b6aca000 r--p 0002a000 08:01 22         /lib/libm-2.14.1.so
b6aca000-b6acb000 rw-p 0002b000 08:01 22         /lib/libm-2.14.1.so
b6acb000-b7127000 r-xp 00000000 08:01 135970     /opt/jdk1.8.0_171/jre/lib/i386/client/libjvm.so
b7127000-b714d000 rw-p 0065b000 08:01 135970     /opt/jdk1.8.0_171/jre/lib/i386/client/libjvm.so
b714d000-b7575000 rw-p 00000000 00:00 0 
b7575000-b76e5000 r-xp 00000000 08:01 18         /lib/libc-2.14.1.so
b76e5000-b76e7000 r--p 00170000 08:01 18         /lib/libc-2.14.1.so
b76e7000-b76e8000 rw-p 00172000 08:01 18         /lib/libc-2.14.1.so
b76e8000-b76eb000 rw-p 00000000 00:00 0 
b76eb000-b76ee000 r-xp 00000000 08:01 576        /lib/libdl-2.14.1.so
b76ee000-b76ef000 r--p 00002000 08:01 576        /lib/libdl-2.14.1.so
b76ef000-b76f0000 rw-p 00003000 08:01 576        /lib/libdl-2.14.1.so
b76f0000-b7705000 r-xp 00000000 08:01 132752     /opt/jdk1.8.0_171/lib/i386/jli/libjli.so
b7705000-b7706000 rw-p 00014000 08:01 132752     /opt/jdk1.8.0_171/lib/i386/jli/libjli.so
b7706000-b771d000 r-xp 00000000 08:01 517        /lib/libpthread-2.14.1.so
b771d000-b771e000 r--p 00016000 08:01 517        /lib/libpthread-2.14.1.so
b771e000-b771f000 rw-p 00017000 08:01 517        /lib/libpthread-2.14.1.so
b771f000-b7721000 rw-p 00000000 00:00 0 
b7721000-b7722000 r--p 00000000 08:01 136147     /usr/lib/locale/en_US.UTF-8/LC_IDENTIFICATION
b7722000-b772a000 rw-s 00000000 08:01 137236     /tmp/hsperfdata_tux/2282
b772a000-b772b000 rw-p 00000000 00:00 0 
b772b000-b772c000 r--p 00000000 00:00 0 
b772c000-b772d000 rw-p 00000000 00:00 0 
b772d000-b774d000 r-xp 00000000 08:01 554        /lib/ld-2.14.1.so
b774d000-b774e000 r--p 0001f000 08:01 554        /lib/ld-2.14.1.so
b774e000-b774f000 rw-p 00020000 08:01 554        /lib/ld-2.14.1.so
bf9a4000-bf9c5000 rw-p 00000000 00:00 0          [stack]

VM Arguments:
jvm_args: -Dapplication.home=/opt/jdk1.8.0_171 -Xms8m 
java_command: com.sun.tools.javac.Main C07Ejercicio19.java
java_class_path (initial): /opt/jdk1.8.0_171/lib/tools.jar:/opt/jdk1.8.0_171/classes
Launcher Type: SUN_STANDARD

Environment Variables:
JAVA_HOME=/opt/jdk1.8.0_171
PATH=/home/tux/.local/bin:/usr/sbin:/usr/bin:/sbin:/bin:/usr/games:/usr/local/sbin:/usr/local/bin:/opt/jdk1.8.0_171/bin
SHELL=/bin/sh
DISPLAY=:0.0

Signal Handlers:
SIGSEGV: [libjvm.so+0x5c12b0], sa_mask[0]=11111111011111111101111111111110, sa_flags=SA_RESTART|SA_SIGINFO
SIGBUS: [libjvm.so+0x5c12b0], sa_mask[0]=11111111011111111101111111111110, sa_flags=SA_RESTART|SA_SIGINFO
SIGFPE: [libjvm.so+0x49fa20], sa_mask[0]=11111111011111111101111111111110, sa_flags=SA_RESTART|SA_SIGINFO
SIGPIPE: [libjvm.so+0x49fa20], sa_mask[0]=11111111011111111101111111111110, sa_flags=SA_RESTART|SA_SIGINFO
SIGXFSZ: [libjvm.so+0x49fa20], sa_mask[0]=11111111011111111101111111111110, sa_flags=SA_RESTART|SA_SIGINFO
SIGILL: [libjvm.so+0x49fa20], sa_mask[0]=11111111011111111101111111111110, sa_flags=SA_RESTART|SA_SIGINFO
SIGUSR1: SIG_DFL, sa_mask[0]=00000000000000000000000000000000, sa_flags=none
SIGUSR2: [libjvm.so+0x4a1300], sa_mask[0]=00000000000000000000000000000000, sa_flags=SA_RESTART|SA_SIGINFO
SIGHUP: [libjvm.so+0x4a27b0], sa_mask[0]=11111111011111111101111111111110, sa_flags=SA_RESTART|SA_SIGINFO
SIGINT: [libjvm.so+0x4a27b0], sa_mask[0]=11111111011111111101111111111110, sa_flags=SA_RESTART|SA_SIGINFO
SIGTERM: [libjvm.so+0x4a27b0], sa_mask[0]=11111111011111111101111111111110, sa_flags=SA_RESTART|SA_SIGINFO
SIGQUIT: [libjvm.so+0x4a27b0], sa_mask[0]=11111111011111111101111111111110, sa_flags=SA_RESTART|SA_SIGINFO


---------------  S Y S T E M  ---------------

OS:Linux
uname:Linux 3.16.55-slitaz #4 SMP Tue Mar 27 13:38:39 CEST 2018 i686
libc:glibc 2.14.1 NPTL 2.14.1 
rlimit: STACK 8192k, CORE 0k, NPROC 8052, NOFILE 4096, AS infinity
load average:0.09 0.13 0.13

/proc/meminfo:
MemTotal:        1031272 kB
MemFree:          592268 kB
MemAvailable:     873276 kB
Buffers:           15988 kB
Cached:           273952 kB
SwapCached:            0 kB
Active:           267480 kB
Inactive:         153048 kB
Active(anon):     130844 kB
Inactive(anon):     2060 kB
Active(file):     136636 kB
Inactive(file):   150988 kB
Unevictable:           0 kB
Mlocked:               0 kB
HighTotal:        139208 kB
HighFree:          78056 kB
LowTotal:         892064 kB
LowFree:          514212 kB
SwapTotal:        524284 kB
SwapFree:         524284 kB
Dirty:               380 kB
Writeback:             0 kB
AnonPages:        130640 kB
Mapped:            40380 kB
Shmem:              2264 kB
Slab:              12324 kB
SReclaimable:       7228 kB
SUnreclaim:         5096 kB
KernelStack:        1144 kB
PageTables:         1344 kB
NFS_Unstable:          0 kB
Bounce:                0 kB
WritebackTmp:          0 kB
CommitLimit:     1039920 kB
Committed_AS:     609072 kB
VmallocTotal:     122880 kB
VmallocUsed:        5404 kB
VmallocChunk:     115888 kB
DirectMap4k:       12280 kB
DirectMap4M:      897024 kB


CPU:total 1 (initial active 1) (1 cores per cpu, 1 threads per core) family 6 model 126 stepping 5, cmov, cx8, fxsr, mmx, sse, sse2, sse3, ssse3, sse4.1, sse4.2, tsc, tscinvbit

/proc/cpuinfo:
processor	: 0
vendor_id	: GenuineIntel
cpu family	: 6
model		: 126
model name	: Intel(R) Core(TM) i5-1035G1 CPU @ 1.00GHz
stepping	: 5
microcode	: 0xffffffff
cpu MHz		: 1190.402
cache size	: 6144 KB
physical id	: 0
siblings	: 1
core id		: 0
cpu cores	: 1
apicid		: 0
initial apicid	: 0
fdiv_bug	: no
f00f_bug	: no
coma_bug	: no
fpu		: yes
fpu_exception	: yes
cpuid level	: 22
wp		: yes
flags		: fpu vme de pse tsc msr pae mce cx8 apic sep mtrr pge mca cmov pat pse36 clflush mmx fxsr sse sse2 ht nx rdtscp constant_tsc xtopology nonstop_tsc pni ssse3 sse4_1 sse4_2 hypervisor lahf_lm fsgsbase invpcid
bogomips	: 2380.80
clflush size	: 64
cache_alignment	: 64
address sizes	: 39 bits physical, 48 bits virtual
power management:



Memory: 4k page, physical 1031272k(592268k free), swap 524284k(524284k free)

vm_info: Java HotSpot(TM) Client VM (25.171-b11) for linux-x86 JRE (1.8.0_171-b11), built on Mar 28 2018 12:05:04 by "java_re" with gcc 4.3.0 20080428 (Red Hat 4.3.0-8)

time: Mon Nov 23 08:41:04 2020
elapsed time: 0 seconds (0d 0h 0m 0s)

