#
# A fatal error has been detected by the Java Runtime Environment:
#
#  SIGILL (0x4) at pc=0xb6c16780, pid=2269, tid=0xa42fab70
#
# JRE version: Java(TM) SE Runtime Environment (8.0_171-b11) (build 1.8.0_171-b11)
# Java VM: Java HotSpot(TM) Client VM (25.171-b11 mixed mode linux-x86 )
# Problematic frame:
# V  [libjvm.so+0xf3780]  LIR_Assembler::LIR_Assembler(Compilation*)+0x0
#
# Failed to write core dump. Core dumps have been disabled. To enable core dumping, try "ulimit -c unlimited" before starting Java again
#
# If you would like to submit a bug report, please visit:
#   http://bugreport.java.com/bugreport/crash.jsp
#

---------------  T H R E A D  ---------------

Current thread (0x08d48c00):  JavaThread "C1 CompilerThread0" daemon [_thread_in_native, id=2275, stack(0xa427b000,0xa42fb000)]

siginfo: si_signo: 4 (SIGILL), si_code: 2 (ILL_ILLOPN), si_addr: 0xb6c16780

Registers:
EAX=0xa42f9ad0, EBX=0xb718f158, ECX=0x08d490c0, EDX=0x08d62ab8
ESP=0xa42f9aac, EBP=0xa42f9b18, ESI=0x08d62aa8, EDI=0xa42f9c98
EIP=0xb6c16780, EFLAGS=0x00010286, CR2=0x00000000

Top of Stack: (sp=0xa42f9aac)
0xa42f9aac:   b6bea1d9 a42f9ad0 a42f9c98 08d490c0
0xa42f9abc:   08d490c0 00000000 a42f9ad0 a42f9d1c
0xa42f9acc:   b718f158 0000000a a42f9b54 a42f9b18
0xa42f9adc:   b6beb3b3 a42f9b54 b714347e b71a6788
0xa42f9aec:   00000000 00000000 08d51460 a42f9b18
0xa42f9afc:   b6beb4d0 a42f9b54 00000000 00000007
0xa42f9b0c:   b718f158 a42f9c98 08d51460 a42f9b88
0xa42f9b1c:   b6bea769 a42f9c98 0000000a 00000000 

Instructions: (pc=0xb6c16780)
0xb6c16760:   ff ff ff 00 ff ff ff 00 ff ff ff 00 ff ff ff 00
0xb6c16770:   ff ff ff 00 ff ff ff 00 ff ff ff 00 ff ff ff 00
0xb6c16780:   ff ff ff 00 ff ff ff 00 ff ff ff 00 ff ff ff 00
0xb6c16790:   ff ff ff 00 ff ff ff 00 ff ff ff 00 ff ff ff 00 

Register to memory mapping:

EAX=0xa42f9ad0 is pointing into the stack for thread: 0x08d48c00
EBX=0xb718f158: <offset 0x66c158> in /opt/jdk1.8.0_171/jre/lib/i386/client/libjvm.so at 0xb6b23000
ECX=0x08d490c0 is an unknown value
EDX=0x08d62ab8 is an unknown value
ESP=0xa42f9aac is pointing into the stack for thread: 0x08d48c00
EBP=0xa42f9b18 is pointing into the stack for thread: 0x08d48c00
ESI=0x08d62aa8 is an unknown value
EDI=0xa42f9c98 is pointing into the stack for thread: 0x08d48c00


Stack: [0xa427b000,0xa42fb000],  sp=0xa42f9aac,  free space=506k
Native frames: (J=compiled Java code, j=interpreted, Vv=VM code, C=native code)
V  [libjvm.so+0xf3780]  LIR_Assembler::LIR_Assembler(Compilation*)+0x0
V  [libjvm.so+0xc7769]  Compilation::compile_java_method()+0xf9
V  [libjvm.so+0xc7814]  Compilation::compile_method()+0x54
V  [libjvm.so+0xc7af7]  Compilation::Compilation(AbstractCompiler*, ciEnv*, ciMethod*, int, BufferBlob*)+0x207
V  [libjvm.so+0xc88db]  Compiler::compile_method(ciEnv*, ciMethod*, int)+0x7b
V  [libjvm.so+0x1cd4f1]  CompileBroker::invoke_compiler_on_method(CompileTask*)+0xdb1
V  [libjvm.so+0x1ce317]  CompileBroker::compiler_thread_loop()+0x567
V  [libjvm.so+0x5794c8]  compiler_thread_entry(JavaThread*, Thread*)+0x18
V  [libjvm.so+0x583e7f]  JavaThread::thread_main_inner()+0xff
V  [libjvm.so+0x583ffb]  JavaThread::run()+0x14b
V  [libjvm.so+0x4a5919]  java_start(Thread*)+0x119
C  [libpthread.so.0+0x6a0d]
C  [libc.so.6+0xd5fde]  clone+0x5e


Current CompileTask:
C1:    144    1             java.lang.String::hashCode (55 bytes)


---------------  P R O C E S S  ---------------

Java Threads: ( => current thread )
  0x08d4c000 JavaThread "Service Thread" daemon [_thread_blocked, id=2276, stack(0xa422b000,0xa427b000)]
=>0x08d48c00 JavaThread "C1 CompilerThread0" daemon [_thread_in_native, id=2275, stack(0xa427b000,0xa42fb000)]
  0x08d47400 JavaThread "Signal Dispatcher" daemon [_thread_blocked, id=2274, stack(0xa42fb000,0xa434b000)]
  0x08d0c800 JavaThread "Finalizer" daemon [_thread_blocked, id=2273, stack(0xa44ba000,0xa450a000)]
  0x08d09c00 JavaThread "Reference Handler" daemon [_thread_blocked, id=2272, stack(0xa450a000,0xa455a000)]
  0x08caec00 JavaThread "main" [_thread_in_vm, id=2270, stack(0xb6aa6000,0xb6af6000)]

Other Threads:
  0x08d05400 VMThread [stack: 0xa455a000,0xa45da000] [id=2271]

VM state:not at safepoint (normal execution)

VM Mutex/Monitor currently owned by a thread:  ([mutex/lock_event])
[0x08cade10] PeriodicTask_lock - owner thread: 0x08caec00

Heap:
 def new generation   total 4928K, used 361K [0xa4c00000, 0xa5150000, 0xaa000000)
  eden space 4416K,   8% used [0xa4c00000, 0xa4c5a708, 0xa5050000)
  from space 512K,   0% used [0xa5050000, 0xa5050000, 0xa50d0000)
  to   space 512K,   0% used [0xa50d0000, 0xa50d0000, 0xa5150000)
 tenured generation   total 10944K, used 0K [0xaa000000, 0xaaab0000, 0xb4800000)
   the space 10944K,   0% used [0xaa000000, 0xaa000000, 0xaa000200, 0xaaab0000)
 Metaspace       used 1439K, capacity 2200K, committed 2200K, reserved 4400K

Card table byte_map: [0xb4939000,0xb49b8000] byte_map_base: 0xb4413000

Polling page: 0xb7783000

CodeCache: size=32768Kb used=652Kb max_used=652Kb free=32115Kb
 bounds [0xb4a38000, 0xb4ae0000, 0xb6a38000]
 total_blobs=134 nmethods=0 adapters=66
 compilation: enabled

Compilation events (1 events):
Event: 0.128 Thread 0x08d48c00    1             java.lang.String::hashCode (55 bytes)

GC Heap History (0 events):
No events

Deoptimization events (0 events):
No events

Classes redefined (0 events):
No events

Internal exceptions (2 events):
Event: 0.038 Thread 0x08caec00 Exception <a 'java/lang/NoSuchMethodError': Method sun.misc.Unsafe.defineClass(Ljava/lang/String;[BII)Ljava/lang/Class; name or signature does not match> (0xa4c06ea0) thrown at [/HUDSON/workspace/8-2-build-linux-i586/jdk8u171/10807/hotspot/src/share/vm/pr
Event: 0.038 Thread 0x08caec00 Exception <a 'java/lang/NoSuchMethodError': Method sun.misc.Unsafe.prefetchRead(Ljava/lang/Object;J)V name or signature does not match> (0xa4c07170) thrown at [/HUDSON/workspace/8-2-build-linux-i586/jdk8u171/10807/hotspot/src/share/vm/prims/jni.cpp, line 

Events (10 events):
Event: 0.127 loading class java/lang/ClassValue$Identity
Event: 0.127 loading class java/lang/ClassValue$Identity done
Event: 0.127 loading class java/lang/ClassValue$Version
Event: 0.127 loading class java/lang/ClassValue$Version done
Event: 0.127 loading class java/lang/invoke/MemberName$Factory
Event: 0.127 loading class java/lang/invoke/MemberName$Factory done
Event: 0.127 loading class java/lang/invoke/MethodHandleStatics
Event: 0.127 loading class java/lang/invoke/MethodHandleStatics done
Event: 0.127 loading class java/lang/invoke/MethodHandleStatics$1
Event: 0.127 loading class java/lang/invoke/MethodHandleStatics$1 done


Dynamic libraries:
08048000-08049000 r-xp 00000000 08:01 135700     /opt/jdk1.8.0_171/bin/java
08049000-0804a000 rw-p 00000000 08:01 135700     /opt/jdk1.8.0_171/bin/java
08ca7000-08d82000 rw-p 00000000 00:00 0          [heap]
a4034000-a4035000 ---p 00000000 00:00 0 
a4035000-a422b000 rw-p 00000000 00:00 0          [stack:2277]
a422b000-a422e000 ---p 00000000 00:00 0 
a422e000-a427b000 rw-p 00000000 00:00 0          [stack:2276]
a427b000-a427e000 ---p 00000000 00:00 0 
a427e000-a42fb000 rw-p 00000000 00:00 0          [stack:2275]
a42fb000-a42fe000 ---p 00000000 00:00 0 
a42fe000-a434b000 rw-p 00000000 00:00 0          [stack:2274]
a434b000-a438a000 r--p 00000000 08:01 136119     /usr/lib/locale/en_US.UTF-8/LC_CTYPE
a438a000-a44ba000 r--p 00000000 08:01 136125     /usr/lib/locale/en_US.UTF-8/LC_COLLATE
a44ba000-a44bd000 ---p 00000000 00:00 0 
a44bd000-a450a000 rw-p 00000000 00:00 0          [stack:2273]
a450a000-a450d000 ---p 00000000 00:00 0 
a450d000-a455a000 rw-p 00000000 00:00 0          [stack:2272]
a455a000-a455b000 ---p 00000000 00:00 0 
a455b000-a45da000 rw-p 00000000 00:00 0          [stack:2271]
a45da000-a47b4000 r--s 03d68000 08:01 136051     /opt/jdk1.8.0_171/jre/lib/rt.jar
a47b4000-a49da000 rw-p 00000000 00:00 0 
a49da000-a4c00000 ---p 00000000 00:00 0 
a4c00000-a5150000 rw-p 00000000 00:00 0 
a5150000-aa000000 ---p 00000000 00:00 0 
aa000000-aaab0000 rw-p 00000000 00:00 0 
aaab0000-b4800000 ---p 00000000 00:00 0 
b483a000-b48ea000 rw-p 00000000 00:00 0 
b48ea000-b4939000 ---p 00000000 00:00 0 
b4939000-b493c000 rw-p 00000000 00:00 0 
b493c000-b4963000 ---p 00000000 00:00 0 
b4963000-b4969000 rw-p 00000000 00:00 0 
b4969000-b49b7000 ---p 00000000 00:00 0 
b49b7000-b49bb000 rw-p 00000000 00:00 0 
b49bb000-b4a38000 ---p 00000000 00:00 0 
b4a38000-b4ae0000 rwxp 00000000 00:00 0 
b4ae0000-b6a38000 ---p 00000000 00:00 0 
b6a38000-b6a52000 r-xp 00000000 08:01 136004     /opt/jdk1.8.0_171/jre/lib/i386/libzip.so
b6a52000-b6a53000 rw-p 00019000 08:01 136004     /opt/jdk1.8.0_171/jre/lib/i386/libzip.so
b6a53000-b6a5f000 r-xp 00000000 08:01 516        /lib/libnss_files-2.14.1.so
b6a5f000-b6a60000 r--p 0000b000 08:01 516        /lib/libnss_files-2.14.1.so
b6a60000-b6a61000 rw-p 0000c000 08:01 516        /lib/libnss_files-2.14.1.so
b6a61000-b6a63000 rw-p 00000000 00:00 0 
b6a63000-b6a64000 r--p 00000000 08:01 136137     /usr/lib/locale/en_US.UTF-8/LC_NUMERIC
b6a64000-b6a65000 r--p 00000000 08:01 136138     /usr/lib/locale/en_US.UTF-8/LC_TIME
b6a65000-b6a66000 r--p 00000000 08:01 136139     /usr/lib/locale/en_US.UTF-8/LC_MONETARY
b6a66000-b6a67000 r--p 00000000 08:01 136141     /usr/lib/locale/en_US.UTF-8/LC_MESSAGES/SYS_LC_MESSAGES
b6a67000-b6a68000 r--p 00000000 08:01 136142     /usr/lib/locale/en_US.UTF-8/LC_PAPER
b6a68000-b6a69000 r--p 00000000 08:01 136143     /usr/lib/locale/en_US.UTF-8/LC_NAME
b6a69000-b6a6a000 r--p 00000000 08:01 136144     /usr/lib/locale/en_US.UTF-8/LC_ADDRESS
b6a6a000-b6a6b000 r--p 00000000 08:01 136145     /usr/lib/locale/en_US.UTF-8/LC_TELEPHONE
b6a6b000-b6a6c000 r--p 00000000 08:01 136146     /usr/lib/locale/en_US.UTF-8/LC_MEASUREMENT
b6a6c000-b6a90000 r-xp 00000000 08:01 135998     /opt/jdk1.8.0_171/jre/lib/i386/libjava.so
b6a90000-b6a91000 rw-p 00024000 08:01 135998     /opt/jdk1.8.0_171/jre/lib/i386/libjava.so
b6a91000-b6a9c000 r-xp 00000000 08:01 135946     /opt/jdk1.8.0_171/jre/lib/i386/libverify.so
b6a9c000-b6a9d000 rw-p 0000b000 08:01 135946     /opt/jdk1.8.0_171/jre/lib/i386/libverify.so
b6a9d000-b6aa4000 r-xp 00000000 08:01 531        /lib/librt-2.14.1.so
b6aa4000-b6aa5000 r--p 00006000 08:01 531        /lib/librt-2.14.1.so
b6aa5000-b6aa6000 rw-p 00007000 08:01 531        /lib/librt-2.14.1.so
b6aa6000-b6aa9000 ---p 00000000 00:00 0 
b6aa9000-b6af6000 rw-p 00000000 00:00 0          [stack:2270]
b6af6000-b6b21000 r-xp 00000000 08:01 22         /lib/libm-2.14.1.so
b6b21000-b6b22000 r--p 0002a000 08:01 22         /lib/libm-2.14.1.so
b6b22000-b6b23000 rw-p 0002b000 08:01 22         /lib/libm-2.14.1.so
b6b23000-b717f000 r-xp 00000000 08:01 135970     /opt/jdk1.8.0_171/jre/lib/i386/client/libjvm.so
b717f000-b71a5000 rw-p 0065b000 08:01 135970     /opt/jdk1.8.0_171/jre/lib/i386/client/libjvm.so
b71a5000-b75cd000 rw-p 00000000 00:00 0 
b75cd000-b773d000 r-xp 00000000 08:01 18         /lib/libc-2.14.1.so
b773d000-b773f000 r--p 00170000 08:01 18         /lib/libc-2.14.1.so
b773f000-b7740000 rw-p 00172000 08:01 18         /lib/libc-2.14.1.so
b7740000-b7743000 rw-p 00000000 00:00 0 
b7743000-b7746000 r-xp 00000000 08:01 576        /lib/libdl-2.14.1.so
b7746000-b7747000 r--p 00002000 08:01 576        /lib/libdl-2.14.1.so
b7747000-b7748000 rw-p 00003000 08:01 576        /lib/libdl-2.14.1.so
b7748000-b775d000 r-xp 00000000 08:01 132752     /opt/jdk1.8.0_171/lib/i386/jli/libjli.so
b775d000-b775e000 rw-p 00014000 08:01 132752     /opt/jdk1.8.0_171/lib/i386/jli/libjli.so
b775e000-b7775000 r-xp 00000000 08:01 517        /lib/libpthread-2.14.1.so
b7775000-b7776000 r--p 00016000 08:01 517        /lib/libpthread-2.14.1.so
b7776000-b7777000 rw-p 00017000 08:01 517        /lib/libpthread-2.14.1.so
b7777000-b7779000 rw-p 00000000 00:00 0 
b7779000-b777a000 r--p 00000000 08:01 136147     /usr/lib/locale/en_US.UTF-8/LC_IDENTIFICATION
b777a000-b7782000 rw-s 00000000 08:01 137584     /tmp/hsperfdata_tux/2269
b7782000-b7783000 rw-p 00000000 00:00 0 
b7783000-b7784000 r--p 00000000 00:00 0 
b7784000-b7785000 rw-p 00000000 00:00 0 
b7785000-b77a5000 r-xp 00000000 08:01 554        /lib/ld-2.14.1.so
b77a5000-b77a6000 r--p 0001f000 08:01 554        /lib/ld-2.14.1.so
b77a6000-b77a7000 rw-p 00020000 08:01 554        /lib/ld-2.14.1.so
bf8e1000-bf902000 rw-p 00000000 00:00 0          [stack]

VM Arguments:
java_command: C07Ejercicio19
java_class_path (initial): .
Launcher Type: SUN_STANDARD

Environment Variables:
JAVA_HOME=/opt/jdk1.8.0_171
PATH=/home/tux/.local/bin:/usr/sbin:/usr/bin:/sbin:/bin:/usr/games:/usr/local/sbin:/usr/local/bin:/opt/jdk1.8.0_171/bin
SHELL=/bin/sh
DISPLAY=:0.0

Signal Handlers:
SIGSEGV: [libjvm.so+0x5c12b0], sa_mask[0]=11111111011111111101111111111110, sa_flags=SA_RESTART|SA_SIGINFO
SIGBUS: [libjvm.so+0x5c12b0], sa_mask[0]=11111111011111111101111111111110, sa_flags=SA_RESTART|SA_SIGINFO
SIGFPE: [libjvm.so+0x49fa20], sa_mask[0]=11111111011111111101111111111110, sa_flags=SA_RESTART|SA_SIGINFO
SIGPIPE: [libjvm.so+0x49fa20], sa_mask[0]=11111111011111111101111111111110, sa_flags=SA_RESTART|SA_SIGINFO
SIGXFSZ: [libjvm.so+0x49fa20], sa_mask[0]=11111111011111111101111111111110, sa_flags=SA_RESTART|SA_SIGINFO
SIGILL: [libjvm.so+0x49fa20], sa_mask[0]=11111111011111111101111111111110, sa_flags=SA_RESTART|SA_SIGINFO
SIGUSR1: SIG_DFL, sa_mask[0]=00000000000000000000000000000000, sa_flags=none
SIGUSR2: [libjvm.so+0x4a1300], sa_mask[0]=00000000000000000000000000000000, sa_flags=SA_RESTART|SA_SIGINFO
SIGHUP: [libjvm.so+0x4a27b0], sa_mask[0]=11111111011111111101111111111110, sa_flags=SA_RESTART|SA_SIGINFO
SIGINT: [libjvm.so+0x4a27b0], sa_mask[0]=11111111011111111101111111111110, sa_flags=SA_RESTART|SA_SIGINFO
SIGTERM: [libjvm.so+0x4a27b0], sa_mask[0]=11111111011111111101111111111110, sa_flags=SA_RESTART|SA_SIGINFO
SIGQUIT: [libjvm.so+0x4a27b0], sa_mask[0]=11111111011111111101111111111110, sa_flags=SA_RESTART|SA_SIGINFO


---------------  S Y S T E M  ---------------

OS:Linux
uname:Linux 3.16.55-slitaz #4 SMP Tue Mar 27 13:38:39 CEST 2018 i686
libc:glibc 2.14.1 NPTL 2.14.1 
rlimit: STACK 8192k, CORE 0k, NPROC 8052, NOFILE 4096, AS infinity
load average:0.13 0.14 0.13

/proc/meminfo:
MemTotal:        1031272 kB
MemFree:          590164 kB
MemAvailable:     871064 kB
Buffers:           15976 kB
Cached:           273816 kB
SwapCached:            0 kB
Active:           262500 kB
Inactive:         159836 kB
Active(anon):     132764 kB
Inactive(anon):     2060 kB
Active(file):     129736 kB
Inactive(file):   157776 kB
Unevictable:           0 kB
Mlocked:               0 kB
HighTotal:        139208 kB
HighFree:          77524 kB
LowTotal:         892064 kB
LowFree:          512640 kB
SwapTotal:        524284 kB
SwapFree:         524284 kB
Dirty:               220 kB
Writeback:             0 kB
AnonPages:        132588 kB
Mapped:            40432 kB
Shmem:              2264 kB
Slab:              12344 kB
SReclaimable:       7236 kB
SUnreclaim:         5108 kB
KernelStack:        1128 kB
PageTables:         1404 kB
NFS_Unstable:          0 kB
Bounce:                0 kB
WritebackTmp:          0 kB
CommitLimit:     1039920 kB
Committed_AS:     619752 kB
VmallocTotal:     122880 kB
VmallocUsed:        5436 kB
VmallocChunk:     115856 kB
DirectMap4k:       12280 kB
DirectMap4M:      897024 kB


CPU:total 1 (initial active 1) (1 cores per cpu, 1 threads per core) family 6 model 126 stepping 5, cmov, cx8, fxsr, mmx, sse, sse2, sse3, ssse3, sse4.1, sse4.2, tsc, tscinvbit

/proc/cpuinfo:
processor	: 0
vendor_id	: GenuineIntel
cpu family	: 6
model		: 126
model name	: Intel(R) Core(TM) i5-1035G1 CPU @ 1.00GHz
stepping	: 5
microcode	: 0xffffffff
cpu MHz		: 1190.402
cache size	: 6144 KB
physical id	: 0
siblings	: 1
core id		: 0
cpu cores	: 1
apicid		: 0
initial apicid	: 0
fdiv_bug	: no
f00f_bug	: no
coma_bug	: no
fpu		: yes
fpu_exception	: yes
cpuid level	: 22
wp		: yes
flags		: fpu vme de pse tsc msr pae mce cx8 apic sep mtrr pge mca cmov pat pse36 clflush mmx fxsr sse sse2 ht nx rdtscp constant_tsc xtopology nonstop_tsc pni ssse3 sse4_1 sse4_2 hypervisor lahf_lm fsgsbase invpcid
bogomips	: 2380.80
clflush size	: 64
cache_alignment	: 64
address sizes	: 39 bits physical, 48 bits virtual
power management:



Memory: 4k page, physical 1031272k(590164k free), swap 524284k(524284k free)

vm_info: Java HotSpot(TM) Client VM (25.171-b11) for linux-x86 JRE (1.8.0_171-b11), built on Mar 28 2018 12:05:04 by "java_re" with gcc 4.3.0 20080428 (Red Hat 4.3.0-8)

time: Mon Nov 23 08:40:46 2020
elapsed time: 0 seconds (0d 0h 0m 0s)

