#
# A fatal error has been detected by the Java Runtime Environment:
#
#  SIGILL (0x4) at pc=0xb6bd8780, pid=2256, tid=0xa42eab70
#
# JRE version: Java(TM) SE Runtime Environment (8.0_171-b11) (build 1.8.0_171-b11)
# Java VM: Java HotSpot(TM) Client VM (25.171-b11 mixed mode linux-x86 )
# Problematic frame:
# V  [libjvm.so+0xf3780]  LIR_Assembler::LIR_Assembler(Compilation*)+0x0
#
# Failed to write core dump. Core dumps have been disabled. To enable core dumping, try "ulimit -c unlimited" before starting Java again
#
# If you would like to submit a bug report, please visit:
#   http://bugreport.java.com/bugreport/crash.jsp
#

---------------  T H R E A D  ---------------

Current thread (0x0a0d3000):  JavaThread "C1 CompilerThread0" daemon [_thread_in_native, id=2262, stack(0xa426b000,0xa42eb000)]

siginfo: si_signo: 4 (SIGILL), si_code: 2 (ILL_ILLOPN), si_addr: 0xb6bd8780

Registers:
EAX=0xa42e9950, EBX=0xb7151158, ECX=0x0a0d3398, EDX=0x0a0ed3c8
ESP=0xa42e992c, EBP=0xa42e9998, ESI=0x0a0ed3b8, EDI=0xa42e9b18
EIP=0xb6bd8780, EFLAGS=0x00010282, CR2=0x00000000

Top of Stack: (sp=0xa42e992c)
0xa42e992c:   b6bac1d9 a42e9950 a42e9b18 0a0d3398
0xa42e993c:   0a0d3398 00000000 a42e9950 a42e9b9c
0xa42e994c:   b7151158 0000000a a42e99d4 a42e9998
0xa42e995c:   b6bad3b3 a42e99d4 b710547e b7168788
0xa42e996c:   00000000 00000000 0a0e3d68 a42e9998
0xa42e997c:   b6bad4d0 a42e99d4 00000000 00000007
0xa42e998c:   b7151158 a42e9b18 0a0e3d68 a42e9a08
0xa42e999c:   b6bac769 a42e9b18 0000000a 00000000 

Instructions: (pc=0xb6bd8780)
0xb6bd8760:   ff ff ff 00 ff ff ff 00 ff ff ff 00 ff ff ff 00
0xb6bd8770:   ff ff ff 00 ff ff ff 00 ff ff ff 00 ff ff ff 00
0xb6bd8780:   ff ff ff 00 ff ff ff 00 ff ff ff 00 ff ff ff 00
0xb6bd8790:   ff ff ff 00 ff ff ff 00 ff ff ff 00 ff ff ff 00 

Register to memory mapping:

EAX=0xa42e9950 is pointing into the stack for thread: 0x0a0d3000
EBX=0xb7151158: <offset 0x66c158> in /opt/jdk1.8.0_171/jre/lib/i386/client/libjvm.so at 0xb6ae5000
ECX=0x0a0d3398 is an unknown value
EDX=0x0a0ed3c8 is an unknown value
ESP=0xa42e992c is pointing into the stack for thread: 0x0a0d3000
EBP=0xa42e9998 is pointing into the stack for thread: 0x0a0d3000
ESI=0x0a0ed3b8 is an unknown value
EDI=0xa42e9b18 is pointing into the stack for thread: 0x0a0d3000


Stack: [0xa426b000,0xa42eb000],  sp=0xa42e992c,  free space=506k
Native frames: (J=compiled Java code, j=interpreted, Vv=VM code, C=native code)
V  [libjvm.so+0xf3780]  LIR_Assembler::LIR_Assembler(Compilation*)+0x0
V  [libjvm.so+0xc7769]  Compilation::compile_java_method()+0xf9
V  [libjvm.so+0xc7814]  Compilation::compile_method()+0x54
V  [libjvm.so+0xc7af7]  Compilation::Compilation(AbstractCompiler*, ciEnv*, ciMethod*, int, BufferBlob*)+0x207
V  [libjvm.so+0xc88db]  Compiler::compile_method(ciEnv*, ciMethod*, int)+0x7b
V  [libjvm.so+0x1cd4f1]  CompileBroker::invoke_compiler_on_method(CompileTask*)+0xdb1
V  [libjvm.so+0x1ce317]  CompileBroker::compiler_thread_loop()+0x567
V  [libjvm.so+0x5794c8]  compiler_thread_entry(JavaThread*, Thread*)+0x18
V  [libjvm.so+0x583e7f]  JavaThread::thread_main_inner()+0xff
V  [libjvm.so+0x583ffb]  JavaThread::run()+0x14b
V  [libjvm.so+0x4a5919]  java_start(Thread*)+0x119
C  [libpthread.so.0+0x6a0d]
C  [libc.so.6+0xd5fde]  clone+0x5e


Current CompileTask:
C1:    372    1             java.lang.String::hashCode (55 bytes)


---------------  P R O C E S S  ---------------

Java Threads: ( => current thread )
  0x0a0d7800 JavaThread "Service Thread" daemon [_thread_blocked, id=2263, stack(0xa421b000,0xa426b000)]
=>0x0a0d3000 JavaThread "C1 CompilerThread0" daemon [_thread_in_native, id=2262, stack(0xa426b000,0xa42eb000)]
  0x0a0d1800 JavaThread "Signal Dispatcher" daemon [_thread_blocked, id=2261, stack(0xa42eb000,0xa433b000)]
  0x0a09a400 JavaThread "Finalizer" daemon [_thread_blocked, id=2260, stack(0xa446b000,0xa44bb000)]
  0x0a093c00 JavaThread "Reference Handler" daemon [_thread_blocked, id=2259, stack(0xa44bb000,0xa450b000)]
  0x0a039000 JavaThread "main" [_thread_in_native, id=2257, stack(0xb6a68000,0xb6ab8000)]

Other Threads:
  0x0a08f400 VMThread [stack: 0xa450b000,0xa458b000] [id=2258]
  0x0a0ff400 WatcherThread [stack: 0xa412e000,0xa41ae000] [id=2264]

VM state:not at safepoint (normal execution)

VM Mutex/Monitor currently owned by a thread: None

Heap:
 def new generation   total 2432K, used 337K [0xa4c00000, 0xa4ea0000, 0xaa000000)
  eden space 2176K,  15% used [0xa4c00000, 0xa4c54478, 0xa4e20000)
  from space 256K,   0% used [0xa4e20000, 0xa4e20000, 0xa4e60000)
  to   space 256K,   0% used [0xa4e60000, 0xa4e60000, 0xa4ea0000)
 tenured generation   total 5504K, used 0K [0xaa000000, 0xaa560000, 0xb4800000)
   the space 5504K,   0% used [0xaa000000, 0xaa000000, 0xaa000200, 0xaa560000)
 Metaspace       used 1457K, capacity 2200K, committed 2200K, reserved 4400K

Card table byte_map: [0xb48fb000,0xb497a000] byte_map_base: 0xb43d5000

Polling page: 0xb7745000

CodeCache: size=32768Kb used=653Kb max_used=653Kb free=32115Kb
 bounds [0xb49fa000, 0xb4aa2000, 0xb69fa000]
 total_blobs=136 nmethods=0 adapters=68
 compilation: enabled

Compilation events (1 events):
Event: 0.306 Thread 0x0a0d3000    1             java.lang.String::hashCode (55 bytes)

GC Heap History (0 events):
No events

Deoptimization events (0 events):
No events

Classes redefined (0 events):
No events

Internal exceptions (2 events):
Event: 0.171 Thread 0x0a039000 Exception <a 'java/lang/NoSuchMethodError': Method sun.misc.Unsafe.defineClass(Ljava/lang/String;[BII)Ljava/lang/Class; name or signature does not match> (0xa4c06ea0) thrown at [/HUDSON/workspace/8-2-build-linux-i586/jdk8u171/10807/hotspot/src/share/vm/pr
Event: 0.171 Thread 0x0a039000 Exception <a 'java/lang/NoSuchMethodError': Method sun.misc.Unsafe.prefetchRead(Ljava/lang/Object;J)V name or signature does not match> (0xa4c07170) thrown at [/HUDSON/workspace/8-2-build-linux-i586/jdk8u171/10807/hotspot/src/share/vm/prims/jni.cpp, line 

Events (10 events):
Event: 0.303 loading class java/lang/ClassValue$Identity
Event: 0.303 loading class java/lang/ClassValue$Identity done
Event: 0.303 loading class java/lang/ClassValue$Version
Event: 0.303 loading class java/lang/ClassValue$Version done
Event: 0.303 loading class java/lang/invoke/MemberName$Factory
Event: 0.304 loading class java/lang/invoke/MemberName$Factory done
Event: 0.304 loading class java/lang/invoke/MethodHandleStatics
Event: 0.305 loading class java/lang/invoke/MethodHandleStatics done
Event: 0.306 loading class java/lang/invoke/MethodHandleStatics$1
Event: 0.306 loading class java/lang/invoke/MethodHandleStatics$1 done


Dynamic libraries:
08048000-08049000 r-xp 00000000 08:01 135733     /opt/jdk1.8.0_171/bin/javac
08049000-0804a000 rw-p 00000000 08:01 135733     /opt/jdk1.8.0_171/bin/javac
0a031000-0a10c000 rw-p 00000000 00:00 0          [heap]
a4024000-a412e000 rw-p 00000000 00:00 0 
a412e000-a412f000 ---p 00000000 00:00 0 
a412f000-a421b000 rw-p 00000000 00:00 0          [stack:2264]
a421b000-a421e000 ---p 00000000 00:00 0 
a421e000-a426b000 rw-p 00000000 00:00 0          [stack:2263]
a426b000-a426e000 ---p 00000000 00:00 0 
a426e000-a42eb000 rw-p 00000000 00:00 0          [stack:2262]
a42eb000-a42ee000 ---p 00000000 00:00 0 
a42ee000-a433b000 rw-p 00000000 00:00 0          [stack:2261]
a433b000-a446b000 r--p 00000000 08:01 136125     /usr/lib/locale/en_US.UTF-8/LC_COLLATE
a446b000-a446e000 ---p 00000000 00:00 0 
a446e000-a44bb000 rw-p 00000000 00:00 0          [stack:2260]
a44bb000-a44be000 ---p 00000000 00:00 0 
a44be000-a450b000 rw-p 00000000 00:00 0          [stack:2259]
a450b000-a450c000 ---p 00000000 00:00 0 
a450c000-a45da000 rw-p 00000000 00:00 0          [stack:2258]
a45da000-a47b4000 r--s 03d68000 08:01 136051     /opt/jdk1.8.0_171/jre/lib/rt.jar
a47b4000-a49da000 rw-p 00000000 00:00 0 
a49da000-a4c00000 ---p 00000000 00:00 0 
a4c00000-a4ea0000 rw-p 00000000 00:00 0 
a4ea0000-aa000000 ---p 00000000 00:00 0 
aa000000-aa560000 rw-p 00000000 00:00 0 
aa560000-b4800000 ---p 00000000 00:00 0 
b480c000-b484b000 r--p 00000000 08:01 136119     /usr/lib/locale/en_US.UTF-8/LC_CTYPE
b484b000-b48a9000 rw-p 00000000 00:00 0 
b48a9000-b48fb000 ---p 00000000 00:00 0 
b48fb000-b48fd000 rw-p 00000000 00:00 0 
b48fd000-b4925000 ---p 00000000 00:00 0 
b4925000-b4928000 rw-p 00000000 00:00 0 
b4928000-b4979000 ---p 00000000 00:00 0 
b4979000-b497d000 rw-p 00000000 00:00 0 
b497d000-b49fa000 ---p 00000000 00:00 0 
b49fa000-b4aa2000 rwxp 00000000 00:00 0 
b4aa2000-b69fa000 ---p 00000000 00:00 0 
b69fa000-b6a14000 r-xp 00000000 08:01 136004     /opt/jdk1.8.0_171/jre/lib/i386/libzip.so
b6a14000-b6a15000 rw-p 00019000 08:01 136004     /opt/jdk1.8.0_171/jre/lib/i386/libzip.so
b6a15000-b6a21000 r-xp 00000000 08:01 516        /lib/libnss_files-2.14.1.so
b6a21000-b6a22000 r--p 0000b000 08:01 516        /lib/libnss_files-2.14.1.so
b6a22000-b6a23000 rw-p 0000c000 08:01 516        /lib/libnss_files-2.14.1.so
b6a23000-b6a25000 rw-p 00000000 00:00 0 
b6a25000-b6a26000 r--p 00000000 08:01 136137     /usr/lib/locale/en_US.UTF-8/LC_NUMERIC
b6a26000-b6a27000 r--p 00000000 08:01 136138     /usr/lib/locale/en_US.UTF-8/LC_TIME
b6a27000-b6a28000 r--p 00000000 08:01 136139     /usr/lib/locale/en_US.UTF-8/LC_MONETARY
b6a28000-b6a29000 r--p 00000000 08:01 136141     /usr/lib/locale/en_US.UTF-8/LC_MESSAGES/SYS_LC_MESSAGES
b6a29000-b6a2a000 r--p 00000000 08:01 136142     /usr/lib/locale/en_US.UTF-8/LC_PAPER
b6a2a000-b6a2b000 r--p 00000000 08:01 136143     /usr/lib/locale/en_US.UTF-8/LC_NAME
b6a2b000-b6a2c000 r--p 00000000 08:01 136144     /usr/lib/locale/en_US.UTF-8/LC_ADDRESS
b6a2c000-b6a2d000 r--p 00000000 08:01 136145     /usr/lib/locale/en_US.UTF-8/LC_TELEPHONE
b6a2d000-b6a2e000 r--p 00000000 08:01 136146     /usr/lib/locale/en_US.UTF-8/LC_MEASUREMENT
b6a2e000-b6a52000 r-xp 00000000 08:01 135998     /opt/jdk1.8.0_171/jre/lib/i386/libjava.so
b6a52000-b6a53000 rw-p 00024000 08:01 135998     /opt/jdk1.8.0_171/jre/lib/i386/libjava.so
b6a53000-b6a5e000 r-xp 00000000 08:01 135946     /opt/jdk1.8.0_171/jre/lib/i386/libverify.so
b6a5e000-b6a5f000 rw-p 0000b000 08:01 135946     /opt/jdk1.8.0_171/jre/lib/i386/libverify.so
b6a5f000-b6a66000 r-xp 00000000 08:01 531        /lib/librt-2.14.1.so
b6a66000-b6a67000 r--p 00006000 08:01 531        /lib/librt-2.14.1.so
b6a67000-b6a68000 rw-p 00007000 08:01 531        /lib/librt-2.14.1.so
b6a68000-b6a6b000 ---p 00000000 00:00 0 
b6a6b000-b6ab8000 rw-p 00000000 00:00 0          [stack:2257]
b6ab8000-b6ae3000 r-xp 00000000 08:01 22         /lib/libm-2.14.1.so
b6ae3000-b6ae4000 r--p 0002a000 08:01 22         /lib/libm-2.14.1.so
b6ae4000-b6ae5000 rw-p 0002b000 08:01 22         /lib/libm-2.14.1.so
b6ae5000-b7141000 r-xp 00000000 08:01 135970     /opt/jdk1.8.0_171/jre/lib/i386/client/libjvm.so
b7141000-b7167000 rw-p 0065b000 08:01 135970     /opt/jdk1.8.0_171/jre/lib/i386/client/libjvm.so
b7167000-b758f000 rw-p 00000000 00:00 0 
b758f000-b76ff000 r-xp 00000000 08:01 18         /lib/libc-2.14.1.so
b76ff000-b7701000 r--p 00170000 08:01 18         /lib/libc-2.14.1.so
b7701000-b7702000 rw-p 00172000 08:01 18         /lib/libc-2.14.1.so
b7702000-b7705000 rw-p 00000000 00:00 0 
b7705000-b7708000 r-xp 00000000 08:01 576        /lib/libdl-2.14.1.so
b7708000-b7709000 r--p 00002000 08:01 576        /lib/libdl-2.14.1.so
b7709000-b770a000 rw-p 00003000 08:01 576        /lib/libdl-2.14.1.so
b770a000-b771f000 r-xp 00000000 08:01 132752     /opt/jdk1.8.0_171/lib/i386/jli/libjli.so
b771f000-b7720000 rw-p 00014000 08:01 132752     /opt/jdk1.8.0_171/lib/i386/jli/libjli.so
b7720000-b7737000 r-xp 00000000 08:01 517        /lib/libpthread-2.14.1.so
b7737000-b7738000 r--p 00016000 08:01 517        /lib/libpthread-2.14.1.so
b7738000-b7739000 rw-p 00017000 08:01 517        /lib/libpthread-2.14.1.so
b7739000-b773b000 rw-p 00000000 00:00 0 
b773b000-b773c000 r--p 00000000 08:01 136147     /usr/lib/locale/en_US.UTF-8/LC_IDENTIFICATION
b773c000-b7744000 rw-s 00000000 08:01 137236     /tmp/hsperfdata_tux/2256
b7744000-b7745000 rw-p 00000000 00:00 0 
b7745000-b7746000 r--p 00000000 00:00 0 
b7746000-b7747000 rw-p 00000000 00:00 0 
b7747000-b7767000 r-xp 00000000 08:01 554        /lib/ld-2.14.1.so
b7767000-b7768000 r--p 0001f000 08:01 554        /lib/ld-2.14.1.so
b7768000-b7769000 rw-p 00020000 08:01 554        /lib/ld-2.14.1.so
bf8fe000-bf91f000 rw-p 00000000 00:00 0          [stack]

VM Arguments:
jvm_args: -Dapplication.home=/opt/jdk1.8.0_171 -Xms8m 
java_command: com.sun.tools.javac.Main C07Ejercicio19.java
java_class_path (initial): /opt/jdk1.8.0_171/lib/tools.jar:/opt/jdk1.8.0_171/classes
Launcher Type: SUN_STANDARD

Environment Variables:
JAVA_HOME=/opt/jdk1.8.0_171
PATH=/home/tux/.local/bin:/usr/sbin:/usr/bin:/sbin:/bin:/usr/games:/usr/local/sbin:/usr/local/bin:/opt/jdk1.8.0_171/bin
SHELL=/bin/sh
DISPLAY=:0.0

Signal Handlers:
SIGSEGV: [libjvm.so+0x5c12b0], sa_mask[0]=11111111011111111101111111111110, sa_flags=SA_RESTART|SA_SIGINFO
SIGBUS: [libjvm.so+0x5c12b0], sa_mask[0]=11111111011111111101111111111110, sa_flags=SA_RESTART|SA_SIGINFO
SIGFPE: [libjvm.so+0x49fa20], sa_mask[0]=11111111011111111101111111111110, sa_flags=SA_RESTART|SA_SIGINFO
SIGPIPE: [libjvm.so+0x49fa20], sa_mask[0]=11111111011111111101111111111110, sa_flags=SA_RESTART|SA_SIGINFO
SIGXFSZ: [libjvm.so+0x49fa20], sa_mask[0]=11111111011111111101111111111110, sa_flags=SA_RESTART|SA_SIGINFO
SIGILL: [libjvm.so+0x49fa20], sa_mask[0]=11111111011111111101111111111110, sa_flags=SA_RESTART|SA_SIGINFO
SIGUSR1: SIG_DFL, sa_mask[0]=00000000000000000000000000000000, sa_flags=none
SIGUSR2: [libjvm.so+0x4a1300], sa_mask[0]=00000000000000000000000000000000, sa_flags=SA_RESTART|SA_SIGINFO
SIGHUP: [libjvm.so+0x4a27b0], sa_mask[0]=11111111011111111101111111111110, sa_flags=SA_RESTART|SA_SIGINFO
SIGINT: [libjvm.so+0x4a27b0], sa_mask[0]=11111111011111111101111111111110, sa_flags=SA_RESTART|SA_SIGINFO
SIGTERM: [libjvm.so+0x4a27b0], sa_mask[0]=11111111011111111101111111111110, sa_flags=SA_RESTART|SA_SIGINFO
SIGQUIT: [libjvm.so+0x4a27b0], sa_mask[0]=11111111011111111101111111111110, sa_flags=SA_RESTART|SA_SIGINFO


---------------  S Y S T E M  ---------------

OS:Linux
uname:Linux 3.16.55-slitaz #4 SMP Tue Mar 27 13:38:39 CEST 2018 i686
libc:glibc 2.14.1 NPTL 2.14.1 
rlimit: STACK 8192k, CORE 0k, NPROC 8052, NOFILE 4096, AS infinity
load average:0.13 0.14 0.13

/proc/meminfo:
MemTotal:        1031272 kB
MemFree:          592420 kB
MemAvailable:     873144 kB
Buffers:           15976 kB
Cached:           273712 kB
SwapCached:            0 kB
Active:           257908 kB
Inactive:         162312 kB
Active(anon):     130824 kB
Inactive(anon):     2060 kB
Active(file):     127084 kB
Inactive(file):   160252 kB
Unevictable:           0 kB
Mlocked:               0 kB
HighTotal:        139208 kB
HighFree:          78084 kB
LowTotal:         892064 kB
LowFree:          514336 kB
SwapTotal:        524284 kB
SwapFree:         524284 kB
Dirty:               116 kB
Writeback:             0 kB
AnonPages:        130660 kB
Mapped:            40328 kB
Shmem:              2264 kB
Slab:              12344 kB
SReclaimable:       7236 kB
SUnreclaim:         5108 kB
KernelStack:        1128 kB
PageTables:         1352 kB
NFS_Unstable:          0 kB
Bounce:                0 kB
WritebackTmp:          0 kB
CommitLimit:     1039920 kB
Committed_AS:     609072 kB
VmallocTotal:     122880 kB
VmallocUsed:        5404 kB
VmallocChunk:     115888 kB
DirectMap4k:       12280 kB
DirectMap4M:      897024 kB


CPU:total 1 (initial active 1) (1 cores per cpu, 1 threads per core) family 6 model 126 stepping 5, cmov, cx8, fxsr, mmx, sse, sse2, sse3, ssse3, sse4.1, sse4.2, tsc, tscinvbit

/proc/cpuinfo:
processor	: 0
vendor_id	: GenuineIntel
cpu family	: 6
model		: 126
model name	: Intel(R) Core(TM) i5-1035G1 CPU @ 1.00GHz
stepping	: 5
microcode	: 0xffffffff
cpu MHz		: 1190.402
cache size	: 6144 KB
physical id	: 0
siblings	: 1
core id		: 0
cpu cores	: 1
apicid		: 0
initial apicid	: 0
fdiv_bug	: no
f00f_bug	: no
coma_bug	: no
fpu		: yes
fpu_exception	: yes
cpuid level	: 22
wp		: yes
flags		: fpu vme de pse tsc msr pae mce cx8 apic sep mtrr pge mca cmov pat pse36 clflush mmx fxsr sse sse2 ht nx rdtscp constant_tsc xtopology nonstop_tsc pni ssse3 sse4_1 sse4_2 hypervisor lahf_lm fsgsbase invpcid
bogomips	: 2380.80
clflush size	: 64
cache_alignment	: 64
address sizes	: 39 bits physical, 48 bits virtual
power management:



Memory: 4k page, physical 1031272k(592420k free), swap 524284k(524284k free)

vm_info: Java HotSpot(TM) Client VM (25.171-b11) for linux-x86 JRE (1.8.0_171-b11), built on Mar 28 2018 12:05:04 by "java_re" with gcc 4.3.0 20080428 (Red Hat 4.3.0-8)

time: Mon Nov 23 08:40:45 2020
elapsed time: 0 seconds (0d 0h 0m 0s)

